 What kind of books do you like best
 Huh yeah 
 I've heard of that one 
 I don't think I've read it
 Well uh I'm a Tom Clancy fan
 And I read 
 I just finished a book on Novelle Netware uh 
 that's computer stuff 
 I do a lot of computer reading 
 and uh I'm just finishing another one up on uh statistical sampling 
 so I do more work kind of related reading than uh just for enjoyment
 Well that's pretty good
 Oh I've had them like that before too
 Mysteries 
 Any particular writer
 Ludwig 
 Lud- 
 Yes
 What does he write Oh
 So you kind of learn something as well as enjoy yourself
 RAIDERS OF THE LOST ARK stuff
 Oh
 what time is it there ten thirty
 Uh it's nine thirty here
 Uh PRESUMED INNOCENT
 Oh I haven't seen the movie uh or read the book 
 but Oh
 is she kind of racy
 Just feel good
 Oh really
 my mother-in-law's a real fan of hers
 Oh well that's nice
 Yeah 
 Uh you mentioned Sunday school Ladonna
 Uh do you 
 are you a BIBLE fan too
 Oh yeah 
 but uh that's always a challenge 
 So do you do 
 my wife talks with other people 
