 Okay 
 do you do artistic painting
 Oh you do
 Do you do a lot of it
 I took one class about I guess three or four years ago 
 and I've done a little uh
 But it takes a lot of time 
 do you sell your projects
 Uh-huh
 Uh-huh
 Where do you work at
 Now do you ever send any of your stuff to the boutique
 Uh-huh
 That keeps you busy
 Uh-huh 
 Have you tried any of the 
 well do you cut out your own projects
 Huh Do you uh ever spray your projects with a base coat first 
 or do you brush it on
 Uh-huh
 I just bought a spray gun one of those high volume low pressure spray guns
 And I do a lot of woodworking 
 and that's what I bought it for
 But I haven't used it yet
 Yeah
 Yeah
 Uh fine furniture
 Yeah 
 That's why I bought the sprayer is to finish my projects 
 That's my worst part of my woodworking 
 I get so sick of making 
 Yeah 
 but spraying does put on a nicer finish
 For woodworking
 Uh let me see 
 table saw scroll saw band saw lathe routers 
 andts about it
 Yeah 
 it is
 Yeah 
 the band saw is really nice 
 I have an Inca 
 I don't know if you've ever heard of those
 But it's nice to have the right equipment
 Uh-huh
 Uh
 not 
 mostly I do like you do give it away as gifts
 But Making my own furniture
 Uh just in junior high
 and then I just kept on through high school and then got my own equipment kept up with that
 Yeah
 Yeah
 Like the shelves and 
 For your tole painting
 Good 
 Well I guess I'll let you go now
 Oh they do
 Okay 
 so this is my first one 
 You're probably a veteran at this
 Uh-huh
 Yeah 
 Sounds fun 
 Where do you buy your tole painting paints at around here
 I am not famil- 
 well we live in Roy 
 but we haven- 
 is it on nineteen hundred
 I know where fifty-six hundred south is
 Is that Ben Franklin then 
