 All right uh well 
 let's see
 I'm twenty
 How old are you
 Older 
 Okay
 I'm calling from uh Provo Utah 
 but I'm from Plano Texas
 Oh really
 Oh wow
 My dad used to work at U T D also Uh generally we just go on family vacations to Arizona 
 My grandparents live there 
 That's generally our usual summer vacation
 Uh Tempe
 So 
 Uh mainly just being with family is it 
 We just hang out 
 and my grandparents have a pool 
 so we go swimming 
 and uh 
 Yeah 
 but we keep cool just by going swimming 
 and it's fun to be with my cousins 
 They're up there also my grandparents and my cousins
 So 
 No 
 have you
 Oh my goodness
 Wow
 Around Christmas time
 Oh
 Wow
 Oh really
 So do you travel a lot 
 or 
 Oh
 Huh
 So you know a lot of good vacation spots huh
 That's your favorite
 I haven't 
 where do you live
 Wow
 Um
 Um
 I do
 I work for NuSkin 
 Yes
 Oh really
 Oh my goodness
 Great <>
 Uh
 I don't 
 maybe the rejuvenating cream is the only other thing I would use
 Than the intensive eye
 Uh-huh
 Good 
 yes
 I do 
 yeah 
 we get free products every month 
 so 
 right 
 now I'm getting about sixty bucks a month free products 
 so
 I've worked there about a year
 Yes 
 they're wonderful to work for
 Yep 
 Uh-huh
 I ski yes 
 I've 
 No 
 I don't 
 Actually since I grew up in Texas I've only been here about two years and have gone skiing about well five times each season
 Yeah 
 I 
 Uh-huh 
 Yep
 I do like to ski
 Yeah 
 I said I do like to ski
 And it's kind of nice being up here just because it's all like a vacation in itself when you get to go
 If you like that kind of thing 
 I am actually a junior Beginning of my junior year
 So 
 Nursing
 You think
 I know
 I'm not 
 And it was great
 How long did you get to stay there
 Oh really
 Uh-huh 
 I just had a friend that got back from Europe 
 and she was there like all winter semester
