 Okay 
 so what are your views on capital punishment
 Yes
 So are they currently practicing capital punishment in your state
 Yes 
 that's similar to Georgia
 That's probably true considering 
 Yes
 Yes 
 uh I guess in a way that it kind of defeats the purpose of having capital punishment if 
 Yes
 Right 
 that would be the intent of it
 Well I think it would be more successful if it was applied in a more expedient manner if there weren't so many appeals 
 Yeah 
 if the person who's going to commit the crime knew that they were going to be punished severely possibly capital punishment 
 Uh I'm a research engineer 
 I work uh with Georgia Tech
 Um 
 Yes
 Um
 Uh-huh
 Um that's probably true 
 but I guess there's other factors that 
 But pumping more money into the school system is a good thing 
 but it's not going to 
 Oh I see
 Uh-huh
 Um 
 So that's a difficult situation
 Um 
 Uh-huh
 Uh-huh
 Well that's probably true 
 W- 
 Um yeah 
 I guess that's not an easy solution 
 there's no easy solution for that
 Uh-huh
 I'm sure it is 
 yeah
 Um yeah 
 I don't 
 certainly capital punishment isn't going to solve a lot of problems 
 but 
 Uh 
 I guess I am for certain cri- 
 yeah 
 in certain crimes
 Uh premeditated murder Crimes of that nature I think should definitely 
 any mass murderer type individual
 Um 
 Uh-huh 
 Well you always have castration 
 Yes 
 I read about that 
 Uh-huh
