 I'm very much in favor of gun control
 Yes 
 I am
 I don't mind people owning guns 
 I just think it should be a little more regulated
 Yes
 I believe that's correct 
 uh-huh
 Uh-huh
 That would certainly help 
 I'm sure
 Uh-huh
 Yep
 Uh-huh
 Uh-huh
 Yeah 
 right 
 uh-huh
 Uh-huh
 Yep 
 I really don't have any problem Jack with you know uh people using firearms for sporting purposes 
 I don't have any problem 
 the only thing I 
 I am in favor of the seven-day waiting period 
 I would like to see that happen 
 I 
 Uh-huh
 Uh-huh
 Right
 Yeah 
 I understand that
 Uh-huh 
 that's true 
 like I say I don't have any problem with people using firearms you know for sporting purposes or hunting purposes 
 I just think it's just may be a little too easy you know to acquire one on a whim of some sort 
 I'm not sure I have
 Uh-huh
 Uh-huh
 I see
 Hm that's interesting
 Uh-huh
 Yeah
 yeah 
 you would think they would 
 Uh-huh
 Yeah 
 right 
 Yeah 
 I'm surprised that more states doesn't do that
 Uh-huh
 Yeah 
 right
 Uh-huh 
 I wouldn't think it'd be that difficult to do
 Yep 
 right
 Hm that's interesting
 Uh-huh
 Yeah
 Absolutely 
 Yeah 
 I agree
 Uh-huh
 Yep
 Uh-huh
 Uh-huh
 Yeah 
 right 
 I agree
 Yep 
 right 
 I was just thinking there's 
 yeah 
 I guess that's about right
 Uh
 Yeah 
 I'm not totally rigid on the subject 
 I just think there you know shouldn't be quite so easy to do
 Uh-huh
 Right 
 Uh-huh
 Sure uh 
 Yeah 
 that's true
 I wo- 
 I promise 
 I won't 
 Okay 
 I promise 
 Yes 
 I did 
 uh-huh
 Yeah 
 I really enjoy it
 I stay pretty busy
 I do not quite a lot 
 I do some uh volunteer work here in Plano
 I have a few uh handicapped persons that I you know try to help them do
 Uh-huh
 That's uh 
 Sure 
 I can understand that
 Uh-huh
 Yep
 That'd be neat 
 Sure would
 Okay
 Nice talking to you
 Okay
 Take care
 Bye-bye
