 Okay
 Well what do you think about the idea of uh kids having to do public service work for a year 
 Do you think it's a 
 Yes 
 yes 
 def- 
 That's true
 Yeah
 Uh I agree with you 
 Uh uh what I'm thinking about is back well when I was a kid and much earlier than that kids were kind of i- 
 you know the parents kind of pushed them to join like the Boy Scouts or Girl Scouts 
 and they did do a lot of public service activities 
 but these days they're not uh 
 parents aren't encouraging their kids to do things like that 
 Because when I was in the Girl Scouts we did a lot of public service things because that's just part of the scouting and you know 
 They are 
 but parents 
 Yeah 
 they do
 Oh no
 I uh 
 senior
 Oh they're just not 
 once they get into junior high it just not done anymore 
 Uh-huh
 Me 
 Grab 
 grab 
 grab 
 walk out 
 Yeah 
 Yeah 
 but there's a lot that can be done right here in this country too
 Yeah 
 uh I'm not so sure that helping overseas would be such a hot idea for uh a lot of young people 
 But since there is much that needs to be done here 
 Uh-huh
 No 
 I agree with you 
 Yeah
 Okay
 You too
 You too
 Bye-bye
