 Uh-huh
 Uh-huh
 Uh-huh
 Yeah
 I'm pretty much the same way 
 but there's like certain types of country western I can't handle that twangy stuff
 Yeah
 My in-laws listen to the kind of music I hate 
 The old real old yeah
 But other than that I like pretty much everything
 Uh-huh
 Uh-huh 
 uh-huh
 Do you like Kenny G
 Uh-huh
 On 
 no
 Uh-huh
 Yeah 
 the heavy metal
 Yeah 
 I saw Peter Townsend on T V last night 
 and he said he's lost most of his hearing
 and I thought no wonder 
 so 
 Um
 Well same here
 You all have a good day
 Bye-bye
