 Uh-huh 
 Do you have any
 Do you have any kids 
 or 
 Uh-huh
 Uh-huh
 No 
 I'm in graduate school right now 
 Yeah
 Yeah 
 definitely 
 In fact I'm uh selecting again for my P H D 
 it's a close subject right now 
 Uh
 Well uh uh uh I have used uh several techniques depending on what 
 for undergraduate you know my criteria were much different than like for graduate school 
 Uh when I wanted to go to an undergraduate institution I was looking for something that was you know rather small and easy to get around you know And what I thought would be easy to get through
 Yeah 
 and uh my choice of graduate schools uh you know it changed a whole lot 
 I got to where I wanted to uh graduate you know with a name behind me rather than uh 
 yeah 
 yeah
 Uh-huh
 Uh-huh
 Yeah
 where did you go
 Okay
 Uh-huh
 Uh-huh
 Uh-huh
 Yeah
 Uh-huh
 Uh-huh
 Uh-huh
 Right
 Uh-huh 
 do you worry any about uh uh being able 
 obviously you've taken precautions you know or measures to uh try and pay for your children's education 
 but do you think that that's going to be enough
 No
 Yeah
 Yeah
 Yeah
 all I can hope for is that I land a professorship at a nice heavy university
 Yeah 
 Uh-huh
 Uh-huh
 Yeah
 Uh-huh
 Yeah
 Yeah
 Yeah 
 that's my biggest option right now
