 Yeah 
 and uh helped my wife replace some carburetors
 Some that she had to uh label everything 
 Yeah 
 because 
 It was a Cadillac
 And uh well they quit making those the quieter jet carburetor 
 and they quit making it
 They rebuilt it 
 and it never did run right again
 Yeah
 Uh a Maverick and also uh a Chrysler station wagon before that
 Uh the 
 I'm replacing the two or three starters on the Chrysler
 They 
 Yeah 
 and the 
 Uh-huh 
 They kept saying that's what Chryslers did is they wore out starters
 Yeah
 Uh-huh
 Right
 Uh-huh
 Yeah
 Right
 Uh-huh
 Yeah
 Uh my Chrysler van 
 and it's pretty maintenance free you know 
 and uh at the beginning of the year last year drove a Chevrolet Cavalier station wagon 
 and it didn't give me any trouble at all
 Yeah
 It's a eighty-seven
 Uh-huh 
 yeah 
 Is a 
 Uh rides or runs
 It 
 yeah 
 well yeah 
 it rides rough 
 it runs good
 You know I kind of 
 it took me a while to get used to a four cylinder engine
 You have to kind of wait for it especially when you get on the highway
 Yeah
 You driven American cars all 
 Go- 
 Uh-huh
 Uh-huh
 Uh-huh
 Not much gas mileage though
 Oh wow
 Yeah
 Now do you think since they started with electronic ignition that it improves the way the car runs
 Uh-huh
 Yeah
