 Well it looks like it's just about as volatile as it usually is
 What do you think Mark
 Oh yeah
 Uh-huh
 And then we'll see what happens when uh they're not funded quite as much Or supplied with arms the same way
 Uh-huh
 Well we tend to be pretty strong supporters of Israel ourselves
 you know we kind of cringe when they make mistakes but yet overall tend to support them 
 But I think one of the most interesting things to me recently was you know during the war uh in uh Kuwait was uh the fact that they did not retaliate for the uh scud missiles that were uh launched there 
 That just seemed to me to be uh a phenomenal uh demonstration of restraint 
 and it must have reflected uh uh some awful good uh diplomacy on the part of the U S
 I see
 Oh you don't think they got the codes from the U S already
 I see
 That's true 
 yet they 
 Yeah
 Well what do y- 
 what about this situation with you know the uh continual uh harassment by Iraq right now and uh apparently failing to let the uh arms inspectors have free access
 Uh-huh
 Huh yeah 
 okay 
 Sure
 Uh-huh 
 Right
 Uh-huh
 Well do you think that uh we should ignore it and just allowed him to go ahead and uh you know move on into Kuwait and see what happens 
 Uh-huh
 Right
 Yeah 
 well may have been 
 You know I'm not saying that that's not the case Uh
 Right
 No
 No 
 it doesn't look like we're getting ready to do much more in there
 Even at this point
 Yeah 
 Well what about uh 
 do you have any views on uh Israel's relation to the U S 
 Do you think we ought to you know back off on our support of the country 
 or what do yo- 
