 Huh 
 Well here in Seattle uh the air's getting more and more polluted 
 uh we're in kind of a basin 
 And uh Seattle is on Puget Sound which is a inland waterway between two mountains 
 And uh there's been a lot of population growth around here 
 And uh uh it's getting worse 
 I think most of it is from cars
 Uh-huh 
 Oh
 Yeah 
 Yeah 
 I live in the university district 
 and uh uh it's supposed to have about the worst air pollution 
 I think probably due to uh a lot of students going back and forth to school
 And then we're right next to Interstate Five also
 Oh yeah 
 have they started doing that yet
 We have that here 
 and uh they're expanding it to uh more counties here Uh as the population spreads out 
 and I think they're also going to be making it uh mandatory for more cars 
 there was uh something in the law about if you're car was over a certain age like over twenty years old you didn't have to get it done anymore 
 And I think they're eliminating uh that loophole 
 Yeah 
 Oh really 
 You mean they could do that remotely
 Huh
 Now where does the source light go
 Oh I see 
 Jeez
 Yeah 
 That's neat 
 But it's also been uh oh you know 
 everybody is talking about using more mass transient here 
 but uh it's tough you know 
 Like I've looked into riding the bus to work 
 and I can drive to work uh and get there in twenty to twenty-five minutes over a very congested corridor Which goes over Lake Washington on one of the floating bridges
 But uh if I take the bus it requires several transfers 
 and it takes over an hour
 so it's not hard to see why I keep driving 
 And you know I feel guilty cause I'm driving a 
