 Well I I we're going to compare notes 
 I I often desire to exercise often believe I should and rarely do
 What what what sort of of regiment do you have
 Yes
 Yes
 Uh-huh
 Yes
 Uh-huh
 Uh-huh
 Uh-huh
 Yes
 Yes
 Right
 My goodness 
 you do all of this in fifteen minutes
 Uh-huh
 Yeah
 Now what what keeps you doing that 
 I I sometimes start little much less much more modest efforts 
 but I give up 
 I just find them boring 
 Hard to find the time for it on a given day 
 and 
 Yes
 Yes 
 Uh-huh
 Yes
 Uh-huh
 Yep
 Well I I whenever I do it I feel good good that I have done good because it's it seems right and good because it has good effects
 But but it's this maintaining a a regular habit that I just can't seem to do
 Yeah
 Uh-huh
 Uh-huh
 Yep
 Uh-huh
 Uh-huh
 Yes
 Yes 
 Do you do you does your wife participate in any of this 
 or 
 Uh-huh
 Yes 
 yes
 Uh-huh
 Yeah 
 yeah 
 Well I I I keep saying if somebody else would do it with me I that would be little bit of peer pressure would help considerably
 But you seemed to have s- solved that problem without any any external help
 Yeah
 [ What what what + what's on what's this mat 
 Is it like the sort of thing you take on a camping trip and sleep on it 
 it's that it's that kind of like half inch of foam or something
 Yeah 
 Yeah
 Yeah
