 What what is 
 do you have a favorite recipe
 Oh
 that's wonderful
 Okay
 That's 
 what kind of fondue the cheese dip or 
 Right
 Yeah
 that sounds good
 That's always a good thing 
 Vegetable trays always go over so well because I think people get tired of eating junk 
 I think they like to have healthy stuff too 
 you know it's 
 definitely 
 I think better even than than other kinds of food 
 Right 
 exactly 
 Yeah
 Uh-huh
 Oh
 Yes
 Right
 Right 
 that's true 
 Or even have you ever seen where they they'll take a watermelon and just cut the top out of it and then hollow that out and then put the fruit in the watermelon that is really neat 
 Yep
 I think it would it would be a lot of work 
 but you know because it's you know 
 you have to cut each thing or you know use the melon baller and stuff 
 but but I think they're really neat 
 and you know I think they're worth the time you know because they 
 yeah 
 Right 
 Yeah
 Is that is that good 
 You know I've seen that so many times strawberries dipped in chocolate 
 but I've never tried it 
 are they really good
 I bet it doesn't mix well does it
 well that's good 
 because I know they've been really expensive lately Because they weren't in season 
 of course they had to be be grown in greenhouses and stuff and in 
 is that right
 I 
 Uh-huh 
 Right
 Well 
 Okay 
 sure su- 
 Is that right 
 I've never heard of that
 Uh-huh
 Uh-huh
 I think I know what you're talk- 
 is it like a hand held
 The 
 yeah 
 okay
 Uh-huh
 huh 
 Uh-huh
 wow 
 That is really interesting 
 Are you saying to use like for chocolate like unsweetened
 unsweetened
 Yeah
 Ri- I have some 
 I just want to 
 Right 
 Okay
 Cooking chocolate
 That's really interesting 
 I've never heard of anybody making their own pudding before that's really neat
 Well how did you get a recipe for pudding on your own
 Is that right
 neat
 that is just really neat 
 Because I 
 It would probably be a lot more work and probably not turn out as good
 Uh-huh
 So you put the milk in the cornstarch
 And then put that back in the saucepan
 that's 
 Oh
 Uh-huh
 Uh-huh
 Do yo- do you put it in the refrigerator then 
 or y- 
 Uh-huh
 Right 
 that's true 
 I knew that
 Yeah
 Yeah
