 Hey listen if I had my way I wouldn't pay my taxes 
 Not with the not with some of the things that I hear that our tax money is going for some ludicrous things
 No 
 I did not 
 I 
 Well how does this grab you How did this grab you 
 this 
 I'm I'm a lady 
 but this I heard this on a Christian program 
 and it was about the N E A 
 and that's the National Endowment for Arts 
 and they fund they funded this thing this act on a stage and did a study on it between two lesbians and two homosexuals and wrote a report about that with our money
 And then it just frosts me terribly
 Absolutely
 I believe that's true 
 yes
 That's correct
 Heavy involvement from the public
 Uh-huh
 Yeah 
 heavy involvement from the public
 Yeah
 Absolutely
 No 
 it is not 
 It's lopsided very much 
 so 
 Uh-huh 
 that's right 
 they pull the strings
 Right 
 the 
 yeah 
 Uh-huh
 I'm sure they will
 Uh-huh
 Uh-huh
 Yes 
 I understand that 
 but hopefully that the people that are listening to what our comments are take some action on it
 absolutely
 Right 
 absolutely
 We only see the tip of the iceberg only
 You know there's so much of it going on that it would really you know set us into a deeper depression if we knew the whole picture
