 None to cook 
 I don't like to cook 
 Spaghetti I guess though 
 I make a mean spaghetti
 Yeah 
 No
 Huh-uh 
 *[[According to the following utterance this is an AFFIRMATIVE answer so should be "Uh-huh"]] Just my husband and I and the two dogs
 So what about yours
 Uh-huh
 So I guess it's supposed to be dinner party is that what they said
 Uh-huh
 Huh 
 we don't 
 Think you 
 Uh-huh 
 uh-huh
 Uh-huh
 Sometimes we'll have uh we'll have a bunch of people over and cook deer
 Huh
 How do we usually
 On the grill we'll take the back strap and soak it in Italian dressing for a couple of hours and throw it on the grill 
 and it is good
 Real good
 Either that or hamburgers we really don't have dinner parties
 Um *[[ slash error ]] Ooh
 *[[slash error]] Uh-huh
 Ooh
 Uh-huh
 Uh-huh
 Did you kill the deer
 No
 Uh-huh 
 Uh-huh
 Uh-huh
 Uh-huh
 Oh well that's nice
 Uh-huh
 Yeah 
 we still got some from last year
 Yeah
 Uh-huh 
 uh-huh
 Yeah 
 We h- 
 we usually have most of it made into uh hamburger meat though And cook you know spaghetti with it
 Chili
 So 
 Uh-huh 
 Uh-huh
 Yeah 
 yeah
 Um
 Uh-huh
 Oh
 Oh
 Uh-huh
 Um *[[ slash error ]] Um sounds good
 *[[slash error]] This isn't a good topic for me right now 
 I'm on a diet 
 Um
 Yeah 
 I have too 
 I was real skinny till I was ten
