 Hi Donna
 Ready to get started
 Okay 
 Sort of an interesting topic since I just got back from lunch here 
 Oh it was uh it was 
 I'm an officer in the Air Force
 and we went to the Officers' Club for a little Mexican food 
 *[[slash error with utt2: one utt]] today *[[slash error]] Yeah
 Yeah
 If you're having a dinner party what what would you serve
 Sure
 Uh-huh
 Uh-huh
 Uh-huh
 Uh-huh
 Jeez 
 well well when is the party here 
 I don't know 
 being a being the bachelor here that I am I I don't think I'd I'd be a- b- 
 I mean it it's not a question of capability here to do something like that 
 It's just there's there's no motivation
 You know I want to I want to throw some charcoal on the grill and and throw a steak on there and some baked potatoes and stuff like that 
 but um 
 Uh-huh
 Uh-huh
 Yeah
 Yeah
 Yeah 
 that's what they they are shooting for here
 Well I live on a I live on a lake here
 and uh so it 
 and then during the summertime it's real nice to be able to entertain outdoors
 like that's a little more a casual thing 
 But in mine the wintertime it's not bad too because then I've got a a fireplace and a nice nice house and all that 
 so we sort of a *[[slash error with a54--two utts]] really good place to do entertaining like that 
 I just haven't uh really tried a whole lot 
 but uh I don't know 
 let's see 
 I have had well one time I did have a dinner party 
 I served a uh uh 
 I had a gang of people over and kind of made a fried chicken thing and biscuits and kind of southern uh southern food even though I'm up here in New York 
 so 
 Yeah
 Oh yeah 
 Yeah
 it is 
 It's 
 Oh no kidding
 Upstate
 Rome 
 In uh Griffins Air Force Base
 Well I was born in Buffalo
 *[[slash error with a76; one utt]] and uh been all over the place
 Yeah
 Right
 Uh-huh
 Sure
 Yeah 
 Yeah
 I've been down to Texas a few times and uh had uh the pleasure of their good Mexican cuisine down there
 Uh-huh
 Uh-huh
