 All right
 Huh
 Well I have a hard time thinking that they can control guns Personally
 I mean 
 That's right 
 That's right
 Yeah 
 It is 
 but I'm not really from I'm not really from Texas 
 I just live down here now 
 I've I've lived down here a couple years
 I'm originally from Colorado 
 but yeah 
 there uh there uh there's a lot of hunters here
 Uh-huh
 I just think I think it's ridiculous
 I mean 
 Really
 Uh-huh
 Right
 Right
 Sure
 Uh I I'm in uh program control for a company up here
 Yeah
 We do schedules for programs schedule programs 
 What do you do
 Oh okay
 Uh I haven't had a chance to do any hunting since I've been down here 
 I don't own a shotgun 
 but I'd like to go bird hunting
 So 
 Yeah 
 uh when I was in Colorado we went deer and elk hunting you you know quite a bit 
 but 
 One for a total ban and uh 
 Yeah 
 I I agree with you there 
 I mean if they can anyway get it keep criminals from having guns which they can't
 I you know I'm not for it
 Uh-huh
 Uh-huh
 Sure
 Yeah 
 I don't either 
 Yeah 
 I 
 fully auto 
 but even well I mean a semiautomatic I guess that's 
 Yeah 
 Right
 Sure
 Right
 Oh really
 Yeah
 Sure
 Me too
 Yeah 
 I am about the same way
 Yeah
 Uh yeah 
 it's about seven fifteen
 How is the weather up there
 Is it
 Right
 Yeah
