 Um hello um 
 what is your favorite um food for a dinner party
 Do you do Tex-Mex
 Oh fajitas 
 how do you make fajitas
 Uh-huh
 Oh
 Oh Uh-huh
 Uh-huh
 Oh it sounds good
 Okay
 Well that's nice
 Oh well basically um because I lived in the Middle East for a while I tend to fix Middle Eastern foods when I have have people over
 And so um some of the dips are like chick peas mashed with um sesame
 And uh cold foo- um 
 what's it called 
 I forgot what it's called
 anyway and and my 
 That's right 
 that's right
 It's called 
 now I remember it
 And um dipping Arabic bread the thin piece of bread in that
 Or another dip is made with very similar but with um eggplant which has been actually barbe- 
 it ends up with a barbecued taste 
 I 
 although we usually bake it in the oven 
 or if we have uh 
 those of us that have gas stoves bake it on top just like putting it in the gas flame and sort of getting it black on the outside but mushy on the inside
 But barbecue is it like steaks 
 or is it uh turkey
 Would you barbecue a turkey or a chicken 
 or 
 Uh-huh
 Uh-huh
 Uh-huh
 Uh-huh 
 I'm sure that the chicken that we barbecue from the Middle East has a lemon garlic sauce 
 I wouldn't imagine that a barbecued chicken would
 Uh-huh
 Uh-huh
 Right 
 right
 Well it's been fun talking to you
 Right
 Uh in Wyoming it would be less spicy
 Vegetables once in a while
 Oh dear
 Okay 
 very good
 Okay 
 bye-bye
