 Yes
 Yes
 Yes 
 I am
 Well I'm I'm happy we got through
 Well I'm I'm especially interested with what what's happening in the Soviet Union uh 
 the the move to uh the the the Ukraine's vote to uh basically to secede and set itself up independently uh is quite a remarkable counts 
 is that is that reported in the Texas papers
 Uh as an area it's not 
 I I'm afraid I don't have the statistics in front of me
 It's a it's not a tiny area Uh 
 if I was looking at a U S map I would say it was sort of reminds me of of a uh 
 it's not as big as California proportionately
 But but but it's it's more significant in the sense of it's a great agricultural region
 Yeah
 They're completely out now
 Yes 
 the three the three Baltic uh republics got out as quickly as they could
 Right 
 it's it's very important for the economics of the whole of the Soviet Union
 Right uh 
 except they can't fight 
 It's done democratically uh
 Yes
 Yes
 Uh
 That that's true uh hasn't happened here for a while 
 but it uh 
 Uh-huh
 No 
 I've I've heard they're I hear you have some problems
 Do do you do you blame the the government in Washington for this
 Yeah
 Yeah
 Uh-huh
 So then you think it's it's you think it's Reagan and Bush have done this 
 or is it just coincidence it was during this period
 Uh-huh
 Oh the Chinese use slave labor too
 That's that's one of the ways they get away with it
 Yeah
 Uh I don't think there's any one simple answer to the whole thing 
 I mean it's that's very complicated
 So which one are we going to throw out
 Uh-huh
 Texas Texas used to be a democratic state didn't it
 I like your governor
 She's an impressive woman
 Yeah
 Right 
 Well yeah 
 anybody could beat Claytie in Texas
 Oh I I know some of the people
