 Do you have a do you have any major preferences as far as television
 Uh-huh 
 yeah
 Yeah 
 
 Yeah 
 the the two twins play the the twins play that one that the youngest girl
 yeah
 I don't know 
 all I can think of is the name of ALL IN THE FAMILY 
 but that's not it
 FULL HOUSE
 Yeah
 Yeah 
 that is good 
 I I like 
 we have cable 
 I really like watching the old NICK AT NITE shows you know Where you get to watch DRAGNET and MISTER ED 
 and we we can watch those all night sometimes if 
 DONNA REED 
 Yeah
 yeah
 Which which one does which ones do you like
 Uh-huh
 Right
 Uh-huh
 Yeah
 Yeah 
 there's that guy 
 I think it's out of Dallas 
 his name is 
 I wish I could remember his name
 Yeah 
 he's he's black 
 and Yeah 
 no 
 he's black 
 and has a bald head 
 and his first name starts with an M
 it's like 
 his first name's like Mar- Marlo or Marlin 
 I can't remember his name 
 Anyway he always has like really strange shows like male strippers or female strippers or just really sensationalistic you know like what Geraldo used to be
 I don't either
 Uh-huh
 Do you watch cartoons a lot
 No
 yeah 
 where do you go to school
 really
 Uh-huh
 Uh-huh
 I'm going to U T D here in Dallas
 Yeah
 really
 What did he teach
 that's what I'm majoring in 
 I'm a graduate student in speech
 Yeah 
 yeah
 this is my first semester
 Yeah 
 Who Who who who what when did he teach
 yeah
 Uh-huh
 really
 is he teaching speech pathology there
 Okay 
 what's his name
 Bird
 B I R D
 Yeah 
 he published a paper couple of years ago I think didn't he well one that I read 
 Does he publish a little quite a bit 
 Uh-huh
 Yeah 
 okay 
 yeah 
 yeah 
 [ he has a test + he has [ a testing + yeah 
 a testing battery ] ] 
 He uses real 
 yeah
 I re- I remember 
 Yeah 
 well that's interesting
 what are you studying
 Uh-huh
 yeah
 Yeah 
 I'm living in the T W U dorm across from Collier 
 Yeah 
 and 
 Yeah 
 yeah 
 that's that's where the speech program is 
 I'm living in that dorm 
 and there all those nursing majors 
 I I tell you what 
 that's that's a tough that's a tough field though
 Nursing is 
 I I have a lot of respect for those people 
 they've spent a lot of hours studying 
 So you're at Baylor
 okay
 Brigham Young
 I see 
 all right
 really
 Do you like S- 
 it's in Salt Lake City right
 is it
 Do you
 Uh-huh 
 I'm from Colorado 
 so I I've been away from there too long 
