 So Julie how do you feel about AIDS research
 I'd agree too 
 but it seems like it just makes economic sense in that you know you know 
 it would have made even better economic sense to to to have had a lot more research than a l- l- longer ago
 You know because you know because the country's going to wind up paying for the treatment of patients
 Uh-huh
 I think they cover AIDS 
 but what they do is if you know you apply for for to get a a insurance policy they'll check to see if you're H I V positive 
 and if you are not only will they not give you a policy 
 but they'll they have like 
 there's like you know a database of people that have tested positive 
 so you'll never be able to get insurance ever again
 Yeah
 I think a lot of it was was just that you know becau- because of of the audi- you know because because the majority of the high risk groups were people no one really cared about
 That 
 Uh-huh
 Uh-huh 
 yeah 
 yeah 
 one one one h- one humorous retort I heard heard someone you know who claimed that you know AIDS was you know God's punishment was that then lesbians must be God's chosen people
 But 
 So 
 do you think d- you mean do you actually think we're doing enough right now to 
 Private organizations
 Uh-huh
 Uh-huh
 Uh-huh
 Uh-huh
 it seems that you know it's just you know of it's just going to reach a steady a steady state a let a lot lot higher point than it will if we you know we'd nip it in the bud to q- quote Barney Fife
 Uh-huh
 Uh-huh
 Uh-huh 
 I would probably agree with that
 so do do you think it's more important to spend money on research or for support of people
 Uh-huh
 Uh-huh
 Uh-huh
 Uh-huh <>
 Uh-huh
 Uh-huh
 I think it's I think it stands a really interesting question of 
