 Well I'm 
 are you there
 Okay 
 I'm sure that I probably prescribe to different magazines ones that you do 
 I take DOLL READER and DOLL WORLD Because I collect dolls 
 I also take BETTER HOMES AND GARDENS
 I like that 
 And then my husband he just subscribed to a wood 
 he just started a woodwork 
 so he just sent away to get some woodworking books
 So what kind do you get
 Uh-huh
 Uh-huh
 Uh-huh
 Is it 
 Yeah 
 I used to take that 
 Right
 Yeah
 Yeah 
 I don't 
 I 
 if I you know if I happen to find it I'll go ahead and read it someplace you know if I'm in a doctor's office or something like that 
 but other than that I never I never liked that really
 I read my newspaper
 I can hardly wait in the mornings for the newspaper to get here you know 
 So I do like to read the newspaper even this little newspaper that Patterson puts out 
 In fact it puts it out on Tuesdays and Thursdays I can hardly wait to get that to get the local news 
 But other than that magazines I don't know There's so much advertising in them anymore
 okay Uh-huh
 Huh
 Uh-huh 
 uh-huh
 Uh-huh 
 uh-huh
 Uh-huh
 Yeah 
 right 
 right 
 Yeah 
 well I I only you know subscribe to the things I'm interested in 
 I used to be into coin collecting 
 so I used to get the coin magazine the paper actually is what it was you know 
 I used to get that 
 So now that I'm into dolls that's about all I really really want you know
 No 
 huh-uh 
 I think they're interesting
 Yeah 
 Uh-huh
 Uh-huh
 Uh-huh
 Uh-huh
 Uh-huh 
 uh-huh 
 Well those travel magazines are that more or less show you different countries that you could go to 
 or 
 Uh-huh
 Uh-huh
 Uh-huh 
 uh-huh 
 Okay 
 Well I don't know any other magazines I could talk to you about
 I don't take anymore than that 
 You know so
 Well I guess that will be it then 
 and 
