 Perhaps this connection 
 no 
 it still echoes 
 Okay 
 I love it
 
 Do you work
 And have a family
 Oh
 I expect so 
 well for a dinner party I think one of my favorite things is baked chicken and white wine
 Oh 
 I guess mostly out of an international cookbook that I have
 Oh
 They have a T I plant in Texas in Kingsport
 uh-huh
 Uh-huh 
 great
 What is is a marsala wine a sweeter wine
 Uh-huh
 Okay
 Uh-huh
 Huh
 Oh
 so it kind of browns 
 and then you put wine over it
 Uh-huh
 That sounds real good
 Yeah
 What do you serve with it 
 What do you serve with it
 Uh-huh 
 That's what I do too 
 Uh-huh 
 that's what I've got 
 I've got steamed broccoli down on mine 
 No 
 it's great 
 I've got a good dessert recipe
 do you like angel food cake
 I just break it up in a glass bowl
 and then I mix up some cream cheese and a little bit of Amaretta wi- and some cool whip
 and I make a thickened blueberry sauce 
 and I layer it with angel food cake and the blueberries and then that topping
 It is it's great
 Uh-huh
 Right
 I know I know what you mean 
 We don't eat desserts much any more
 Uh-huh
 Uh-huh
 Uh-huh
 Uh-huh
 and pour that over it
 That sounds great
 It would be pretty
 Right 
 Yeah 
 Right 
 That would be pretty
 We've been fixing something lately that well 
 we've been cooking a lot of turkey breasts Because it's low fat
 And I've been making a hot sandwich 
 I toast a piece of whole wheat bread and then put the turkey on it and then slices of the low fat Swiss cheese 
 and then I make a little honey mustard dressing and put over it and pop it in the microwave
 It is delicious
 I wouldn't mind serving that to anybody
 No
 Yeah 
 it's real quick
 Right
 Uh-huh
 Yeah 
 Well ma- 
 mix up a little mayonnaise with some dijon mustard and honey until it just 
 I mix it until it just tastes good to me 
 Uh-huh
 Yeah 
 and it's real good 
 And it keeps in the refrigerator
 it keeps a long time
 No 
 uh-huh 
 it keeps a long time
 Oh 
 And I put a little yogurt in it too
 If I 
 just plain yogurt 
 It gives it a little tang
 It makes a great sandwich
 are you 
 yeah 
 that's kind of hard
 They'll eat fish
 She'll eat fish
 Uh-huh
 Right 
 uh-huh 
 that sounds good
 Right 
 I had a recipe from that INTERNATIONAL COOKBOOK TWO that's a great salad in summertime 
 Do you do you garden or not
 Okay 
 it's just sliced tomatoes 
 and I put it on a glass plate because it looks real pretty Sliced tomatoes and then green pepper strips just over it and some red onion slices and just a little bit of basil and then a little Italian dressing over it 
 And everybody loves it 
 and it's so easy 
 and it's delicious 
 Huh-uh 
 it isn't
 And you can put some cucumber slices on too
 I got it at the Checkbook Store
 And it's got beaut- all these beautiful pictures in there that are inspiring 
 It's going to say edited by Charlotte Turgeon editor of 
 I'm not french LaRoute Gastro LaMink 
 the creative cooking course
 I'm trying to see who it's published by Ottenheimer 
 I've never heard of it
 This edition is published by Bonanza Books
 It's a big book 
 but it was not expensive
 Uh-huh
 Uh-huh
 Uh-huh We do too 
 Yeah 
 That's right 
 I don't think it would
 Uh-huh
 I stir fried some the other night though 
 Some beef and broccoli strips 
 it was good 
 but it didn't have much beef in it 
 Uh-huh
 Uh-huh 
 it just takes the time to cut everything up
 Cook 
 Uh-huh 
 Right
 Uh-huh
 One of my daughters sent me a COLORADO COOK BOOK put out by the Junior League of Denver
 Have you ever seen any put out by Junior Leagues
 they are great 
 Uh-huh
 Uh-huh
 Uh-huh 
 Right
 Yeah 
 They are good usually good aren't they
 is that right 
 what was that 
 Uh-huh 
 You buy the canned baked canned baked beans
 Uh-huh
 Uh-huh
 that sounds 
 Uh-huh
 That sounds good 
 Right 
 Uh-huh 
 Jot them down 
