 Well CITY SLICKERS and STAR TREK FIVE
 Yeah 
 yeah
 Yeah
 I thought I'd better see that one before I go and see six
 No 
 I found that out 
 How about yourself
 How is it
 I can't wait
 Now does the old STAR TREK guys meet the new guys
 No 
 it's just the old guys still
 You know that I read in PEOPLE or somewhere it was U S A TODAY 
 that they said they weren't going to do anymore 
 That was it
 But 
 
 I'm not sure what the difference in light years between the new generation and the the old guys was
 
 that's right
 Is that right 
 He was a doctor still
 Well yeah 
 he didn't look too bad did he
 Yeah 
 that's amazing
 But did they have some pretty good special effects
 Yeah 
 FIVE was the script was bad bad bad 
 No 
 I don't 
 Why
 is that right
 
 L- Leonard s- Nimoy he does a lot better
 IN SEARCH OF SPOCK JOURNEY HOME I think that was
 Are you're a real life Trekkie
 I really like them 
 I I wouldn't go so far as being a Trekkie 
 but 
 
 really
 did you get to talk to him
 It was crowded
 No
 Yeah
 Wow
 They have some good management principals in this NEW GENERATION
 Oh
 Right 
 so he kind of was a cowboy type too
 Made all the decisions 
 but Jean Luke does more of a a committee type of management
 What other movies have you seen
 how was that
 Lots of little funny spots 
 Did they have Thing 
 and 
 Really
 How did 
 I've always wondered how he gets around
 But he's in a box right
 Didn't he used to
 Oh
 that's yeah that's okay
 Yeah 
 that's what I was thinking
