 I pressed the button one 
 so we're recording right now 
 I'm sorry 
 Okay 
 and I'm Melanie from Harrisville Utah
 Yeah 
 okay 
 Bill we're talking about family reunions
 Okay 
 have you ever had to plan a family reunion
 Oh
 Uh-huh 
 And how did you feel it went
 Oh
 All this planning and and getting together and such 
 let's see what else
 Uh-huh
 boy 
 Uh-huh
 my word 
 Well what did you find was most helpful in planning the birthday get together
 Uh-huh
 Oh
 Uh-huh
 Oh
 that's good
 Uh-huh 
 and then did you have a main meal 
 or did everyone just bring 
 it was just pot luck 
 Uh-huh
 Yeah 
 yeah 
 show off a little bit 
 Oh
 Oh 
 Now how old is she
 goodness 
 Is she pretty spry is she you know pretty 
 wow
 Uh-huh
 Oh 
 that's neat that she's in good health and that at that age 
 Yeah
 Really 
 Well that sounds fun 
 Well I I had a real challenge of planning a family reunion a few years ago 
 and there were 
 we sent out five hundred announcements because our family is quite large like your your family there 
 And so that was a real challenge 
 and I was president of our family reunion for two years 
 and I wasn't very at that duty for two years in a row 
 but I found that advance planning was the key to success
 Uh-huh
 that's wonderful though 
 Oh
 well that is that is helpful 
 Yeah 
 our family ranges from goodness well Australia 
 I have a brother lives in Australia to Boise Idaho and and all kinds of places
 We are 
 Oh
 In 
 Oh
 Uh-huh
 Boy
 my gosh
 They must really like it there
 Yeah 
 Oh
 you're ready to move on to bi- 
