 Okay 
 So how do you just figure 
 Wow
 Uh-huh
 Uh-huh
 Oh
 Well I'm going to talk about when I was working as a teacher and when I was working at now 
 when I was a teacher in Utah I would generally wear dresses and heels and things like that
 and even when it rained and snowed I just braved it 
 and I wore heels anyway 
 And 
 I know 
 it might kill you to go up and walk up to the door 
 but you're going to look nice for the kids 
 yeah 
 Well I need all the height I can get 
 yeah 
 Uh-huh 
 Yeah 
 we too 
 if it was real- it looked really dangerous then I would wear boots 
 but then I would change into heels as soon as I got to my desk 
 So 
 Oh
 Oh
 Sure 
 Uh-huh
 Uh-huh 
 Yeah
 Well 
 Yeah 
 the first two years I was in a room where they didn't heat it 
 So I did 
 Yeah 
 and then the third year we got heating 
 so it was nice 
 Right 
 uh-huh
 that's nice
 Uh-huh 
 Nice 
 Well 
 no 
 we we moved to Iowa 
 and I'm working at a day care right now
 And so the way I dress is really different because I'm working in the nursery room with kids from six months to like twenty months
 Yeah 
 I wear tennis shoes and jeans and things that you know are sort of 
 not 
 yes 
 it doesn't matter if I have to wash it a hundred times or something
 Yeah 
 but I never wore jeans because I thought that was too casual 
 For 
 Yeah 
 really
 Yeah 
 that's how I feel too
 it there's some good things about it 
 but I've seen A lot of things I'm not used to yet 
 we lived in Utah before 
 and and I grew up in California
