 Uh-huh
 I do too
 Uh-huh 
 well I think you know I'm I'm in that same 
 I think if it's if it's a con- if it's a convicted felon on parole and he goes out and and commits another crime or kills somebody I you know I I feel the same way 
 I don't think I think that person is is beyond rehabilitation 
 and and he should be taken out 
 Uh-huh
 Uh-huh
 Uh-huh
 Uh-huh
 Right
 Yeah
 Yeah 
 you don't hear you don't hear too much about of those cases
 Yeah
 Yeah
 That's right
 
 Right
 
 Yep 
 it sure is
 Yeah 
 it's
 Uh-huh
 See the only thing I don't you know I don't understand I guess I I don't understand our judicial system as it is right now 
 because I you know if somebody has been convicted and has been sentenced to be put to death how is it that they can appeal and appeal and appeal and get stays of ex- execution 
 I mean how you know is there 
 Uh-huh
 Uh-huh
 Right
 Yeah
 Yeah
 Uh-huh
 
 Yep
 Yeah
 
 Yeah
 Yep 
 What do you think about convicted 
