 Just to pack the bearings
 Right
 Right 
 And they repacked the wheel bearings
 You know they've gotten to the point that where they don't weigh very much 
 and the the surface materials on the pads is so good
 Right 
 Well it sounds like you've had some good experiences with that
 and my experiences have been kind of contrary to that
 I I get a little more involved in the maintenance of my car 
 and and in fact I have an eighty-seven Mustang with a three O two in it that I've beefed up a little bit
 and one of the things that I did was to change the pulley system on it to use under drive pulleys so that the engine doesn't have to turn the accessories and can use more of the power to the rear wheels
 the only catch was the first set of under drive pulleys that I put on it were not even cast aluminum 
 They were just pressed aluminum
 Well there's three there's three pulleys that you change 
 You change the crank pulley the alternator pulley and the water pump pulley
 So when I changed those over I put on these these pressed aluminum things
 and probably about four months ago the water pump decided to go out
 So in the process of seizing the belt spun on the pulley and wore through the water pump pulley almost all the way But not far enough to notice
 So I was on my way to work one day 
 and the water pump pulley split laterally in half
 So there was half a water pump pulley still attached to the water pump 
 and the other half was kind of dangling off the end of the crank
 and I 
