 Tell me what you like to do
 Oh
 Uh-huh 
 wonderful
 Oh
 Wonderful
 but how wonderful 
 Are you close to getting it done
 Oh
 Are you going to move your whole family over there then
 Uh-huh 
 kind of your getaway place
 how beautiful 
 and it's pretty flat there
 See I've only been to Texas once 
 I have two sisters in Texas now one in Austin one in Dallas 
 and the one in Dallas is the one that got me to doing this
 and I thought Austin was beautiful
 I liked the hills and the trees
 and you've always lived in Texas have you
 Uh-huh 
 Born and raised Texan 
 Well I had never been there 
 that's pretty neat 
 My sisters both seem to like it pretty well 
 My brother-in-law works for the University in Dallas
 He's admissions director
 University of Texas in Dallas
 Yeah
 Yeah 
 well that's he's got a job there 
 and this is his first year 
 so it's been a real interesting thing for them 
 But they seem to like it okay 
 I think they're too far away from me 
 but maybe some day they can get closer 
 we'll see
 Well I'm mother of four 
 so basically I'm just real busy with my kids right now in sports 
 and we have a little Halloween talent show tonight 
 and I substitute at the schools part-time
 Well I am a travel agent at heart 
 and my hobby is just 
 I love traveling and and being involved of that and finding out more 
 but it's real hard to work in the summers and holidays and weekends when you have four children and a husband 
 so I reluctantly gave that career up and am just substituting at the school 
 so I've been librarian all this week which has been real interesting 
 and I'm enjoying it 
 I'm around my kids 
 and yeah 
 yeah
 it's great 
 it's great 
 and what else do I do 
 I do lots of cross stitching when I have time
 and I enter things in our little state fair 
 and that's pretty fun
 Well but actually my hobbies is mostly is my sports Tennis 
 I play tennis
 Ooh 
 do you
 Yes 
 we snow ski 
 We snow ski at Mount Bachelor mostly in Oregon 
 have you ever been there
 Wonderful place
 Ooh
 Uh-huh 
 Where in Colorado
 Yes 
 yes
 Really
 Uh-huh
 I would love 
 I can hardly wait to get up there
 We 
 it is snowing right now 
 We're to get one to three inches tonight
 
 yeah 
 well we're we are on the dry side of the mountains 
 Seattle is only about two and a half hours 
 so of course I'm a real Seahawks fan
 and going over that pass is just a real nightmare
 And so and we're on the colder side 
 they're on the rainy side 
 we're on the snowy side 
 and we we ski 
 My my children all ski
 and we've we have been to Whistler in Canada which is just a marvelous place 
 Whistler and Black Home <> is in Canada 
 and then we've gone to Sun Valley several times 
 that's a just a great place But no Colora- not in Colorado 
 since I was in college since I went to school 
 Haven't been there 
 I keep hearing these marvelous things about Deer Valley and 
 <> don't Adam <> City 
 yes 
 And your kids all ski
 Uh-huh
 Uh-huh
 Really 
 that's great 
 Well my boys are at the point where they scare their mommy to death
 When they're skiing they're fearless 
 and they go off 
