 Yeah
 Yeah 
 we have uh in California 
 I'm in c- I lived in central California 
 We have rain couple times a year 
 and other than that you know it would be maybe October and then in the spring 
 and then other than that there wouldn't be any rain So 
 Yeah 
 yeah
 Yeah 
 there has 
 So here I know that uh last year there was some ice storms while I was out of the state 
 and I'm glad to see there haven't been any this year
 Yeah 
 yet 
 Still could come 
 huh
 Uh-huh
 Yeah
 Um
 Yeah 
 yeah 
 it's so hard to predict here
 Yeah
 Well today it's not bad out there
 Uh-huh <>
 Yeah
 Yeah
 Uh-huh
 Yeah 
 So you do that even in January huh
 Uh-huh
 Yeah oh 
 that's interesting
 Uh-huh <>
 Yeah 
 I have 
 and they're not too pleasant 
 It gets so humid 
 To me it's humid here 
 People that I know that come from uh like Georgia or North Carolina Yeah they say it's
 Yeah
 But I find it 
 Right
 I was central California
 Central valley
 It's very dry there
 Yeah
 Yeah
 Well it's pretty hot in the summer 
 It's in the usually you know 
 for a good three four weeks we have over a hundred degrees
 But it's a dry heat yeah
 Uh-huh 
 yeah 
 I know Well I lived in Africa for a couple years in Cameroon 
 and that's a tropical climate 
 and it really feels similar to this during the summer
 No 
 I was uh working with uh I still work with Wycliff Bible Translators
 It's an organization where we are looking to translate the BIBLE into languages of the world that aren't yet written
 Right 
 languages that don't have anything written yet 
 So this is like the first thing that's written down 
 or you know first an alphabet is developed 
 and then uh 
 So 
 Yeah
 Yeah 
 well it's based here 
 uh the international headquarters for Wycliff Bible Translators is right here in in Dallas
 Yeah 
 right now I am 
 That's what brought me here 
 yeah
 Yeah
 Yeah
 I agree 
 I agree 
 I I thought the fall was really nice
 Uh-huh
 Yeah
 Uh-huh
 Uh-huh
 Yeah 
 you probably do a lot of that with scout scouting 
 Uh-huh
 Uh-huh
 Uh-huh
 Yeah
 Uh-huh
