 Uh-huh
 Well uh I 
 that's 
 sure 
 Uh I I think it's 
 s- st- statistics obviously vary greatly 
 I always thought of Dallas as being a fairly safe place
 Do you really believe that 
 it it's been up every year for many years 
 and the economy hasn't been this bad for so long has it
 Yeah
 What kind of newspaper do you get down there
 Yeah
 Uh-huh
 Uh-huh
 Yes
 D- do they do they play up the local crime angles 
 or d- or do they 
 Uh-huh
 Yeah
 Really
 So this is a topic of personal interest
 Uh-huh
 Yeah
 So so you saw this happening in your neighborhood 
 and you figured it wouldn't happen to you
 Yeah 
 what kind of system do you have
 Uh-huh
 Is Is this is this one with some company that that services you and takes your calls and all that stuff
 Yeah
 Well is that a necessary feature to have somebody you know at the other end of the line 
 or is it enough just to have a thing that makes loud noise
 Yeah
 Yeah
 Uh-huh
 Yeah
 S- s- so you got a sign up there that says you got this alarm system 
 And what if a burglar comes along and cuts your phone line
 How does it do that
 Uh-huh
 Sure
 Well yeah uh
 I I think it's the murder capital of the country now
 Yes
 Absolutely
 Yeah
 Yeah
 S- s- so what's the solution
 And all these politicians make make hay over you know being anticrime 
 but they haven't seemed to have changed anything
 Uh-huh
 Yeah
 Yeah
 Yeah 
 what 
