 No 
 I don't 
 do you
 really
 Yeah 
 I love them 
 Well I heard that's the second happiest day of your life 
 The day you sell your boat
 No 
 I just heard that 
 That's just a joke I guess
 First best day is the day you get and the day you get rid of it 
 but I'd like to have one 
 I just don't know if I'd have the time to use it
 Yeah
 Uh-huh
 Really
 Did you go fishing
 okay
 wow
 Really
 Yeah 
 I like to fish
 yeah 
 I've sailed some 
 I just like fourteen foot Sunfish
 Nothing big
 Yeah 
 really
 Well they offer classes out at Ray Hubbard
 Yeah
 okay
 Okay
 that's nice
 Yeah
 Where is that
 Yeah
 Okay 
 that's south of here
 Okay
 Really
 What do you take I Thirty-five
 Thirty
 okay
 All right
 Yeah 
 we just moved down here a couple years ago 
 so 
 Colorado Springs
 Yeah
 we love it up there 
 That's where I grew up 
 So 
 But we like it down here pretty good
 Yeah 
 we got two kids that are under two 
 and it's kind of tough when my folks call and they want to see them 
 Yeah
 So 
 really
 Yeah 
 that's right 
 I don't 
 no
 a friend of mine's dad was a program manager up there 
 and he just moved down here to Mc- 
 what do you 
 I guess it's 
 he's working in McKinney
 Okay
 Well actually I went canoeing down the Brazos this weekend
 It was fun 
 it was fun
