 I don't think so 
 Possibly in the jury selection would be the only 
 just for example what we're seeing in California I guess 
 It makes you wonder had the jury been a different group of people what would have happened with that outcome 
 and the problems <> that has come from this decision that that jury came to after all of us witnessed what we did with the video tape beating just makes you wonder I guess whether or not they 
 *[[ Seems as though this should be 2 slash units--the first ending after "beating" ]] Uh-huh
 that's bad 
 Uh-huh
 No 
 It 
 Uh-huh
 Uh-huh
 yes 
 That's right
 They're only going to suffer
 they're only going to suffer 
 they've defeated themselves with their looting and violence 
 I understand why they were upset by the verdict just because even those of us that aren't black or don't live there or whatever we all saw the same thing on the tape 
 and 
 I know 
 Yeah 
 it's really ridiculous
 Against forty other people being 
 Those deaths
 Uh-huh 
 Or just an innocent bystander or somebody got actually beat to death or what
 
 or beaten
 <>
 Right 
 that's exactly how I feel too 
 they wouldn't have stopped my car for anything had I seen them coming 
 But I was just wondering since you're back east and a little closer to the bigger cities than we are in Idaho here
 Oh
 Uh-huh
 Oh 
 In what section of the government do you work 
 Oh 
 that's interesting 
 Uh-huh
 Oh
 I see 
