 I haven't given this a lot of thought 
 I'm that's a whole pleased with the practice that is they 
 I don't 
 you would favor invasions of privacy on the other hand that's arguable but that people who's jobs are critical to public safety should have to meet special standards 
 I haven't given this matter enough thought
 No 
 I'm in the Washington area 
 I work for N I S T 
 Uh-huh
 And now 
 Okay 
 and how do people feel about it 
 Well okay 
 that's a very different issue
 And 
 does the testing cover alcohol as well as illegal drugs
 Well 
 So they ask you to declare beforehand what prescription drugs you are taking
 Okay 
 Well I mean it's I guess that in fact they don't routinely test for very many prescription drugs 
 but they don't say in advance 
 so 
 The ones that would kind of constitute controlled substances or something anyway 
 So what they are asking you to tell them is all the prescription drugs you are taking which are controlled substances
 Is Contact a Bo- 
 Okay 
 Is Contact a substance 
 Okay
 Okay 
 Uh-huh
 Uh-huh 
