 How you doing Howard 
 This is a subject that I'm not real well versed on 
 but 
 Okay
 No
 Okay 
 I'm from the 
 I'm from Dallas 
 I'm in Richardson
 What do you think as far as air pollution in the Dallas area
 Right
 Right
 really
 Sure
 Well you are well versed on the subject I tell you
 This is not one of my better ones 
 I guess I notice it the most just in driving around Dallas with all the highway equipment that's working on six thirty-five and seventy-five just the cars in general 
 That's where I see most of it
 Right
 I don't know I've lived here since seventy-four Howard 
 and I think they been working on the highways around here since I've been here
 and I think they'll be working on them long after my wife and I are gone
 Right 
 I understand 
 I sure hope so I tell you 
 You know you get out on the interstate highways versus 
 I travel quite a bit 
 and traveling from like Dallas to Austin to San Antonio it's the same thing as far as the pollution created by the automobiles in the stalled traffic and the busy highways you're at your best 
 and I guess when you're out on the interstate heading north or south and you're just cruising right along and there's no build up of cars 
 and 
 Yes
 I tell you what I don't think I really have 
 but I'm going that way Tuesday 
 and I'm going to make it a point to
 Sure
 I know
 I know going to 
 I detest going to Houston because it's such a 
