 Okay 
 I'll let you start this time
 Well uh even though it's totally out of uh my degree training I've been working as in the horticultural aspect so the last I don't know fifteen twenty years so Uh I'm 
 Well I work for the state as a grounds keeper
 No 
 mostly snow removal which we've had a lot of 
 but uh I don't know 
 I guess uh growing up on the farm and that I've always had a big interest uh
 uh when I have an area to do I always had a big garden and enjoy working on lawns and everything
 Okay
 Uh-huh
 Uh-huh
 Oh that's terrible 
 Twenty-three de- 
 Yeah
 Yeah
 Yeah
 Uh-huh
 Uh-huh
 Uh-huh
 Right 
 yeah
 Uh-huh 
 Yeah 
 that's one aspect of a lot of those grasses they go dormant 
 I think the Saint Augustine and uh Centipede grass is another one you have quite a bit of down there
 yeah 
 those two
 Yeah
 Um Yeah 
 Well I know my folks live uh in Arizona there 
 and uh you know they just grow rocks 
 and That's their gardening there So uh I guess as long as you can have uh some grass there
 So I know I was in uh Houston when I was working for a company once 
 and we were taking care of lawns out there 
 and uh that particular year they had just tons of rain you know 
 it was raining continuously
 And then I know with all that moisture a lot of the lawns get a lot of disease problems
 Uh-huh
 are you uh able to get uh sometimes a double crops of certain things in your garden
