 Oh really
 I spent three years 
 I'm teaching in public schools and elementary school
 Uh-huh
 I taught in Utah 
 and uh Did you teach in California
 Uh-huh
 You sound pretty young for a university professor 
 Uh-huh
 Uh-huh
 Well you can tell me a little bit more about it because I don't think we did that in Utah
 Uh-huh
 Uh-huh
 Uh-huh 
 yeah
 Uh-huh
 Yeah 
 I see what year saying 
 yeah 
 I totally agree
 Oh yeah 
 Uh-huh
 Well I haven't taught in Iowa 
 but I've taught in Utah 
 and uh people there were saying that the way that the schools were going a lot of people were going away and going to private schools or else going to home where they taught their kids at home Or you know anything but the public schools and the ones that did have you know the kids 
 Yeah 
 well Well uh maybe it was the area I was in 
 but a lot of schools had a lot of transient uh families and a lot of families who were on the poorer side 
 and 
 Yeah 
 I mean like you said how the schools are doing more things for the kids they thought than they were thirty years ago 
 I mean the school I was teaching at the year I left they were considering providing hot lunch or hot breakfast for the kids
 As well as hot lunch 
 and 
