 I don't know 
 I refinished a couple of old dressers that were handed down 
 You know it's nice tongue and groove construction 
 I've been pretty successful with that
 What
 No 
 I've done some other things too you know
 Yeah
 yeah 
 Yeah 
 That's a good way to get started
 Uh-huh <>
 Uh-huh <>
 Uh-huh <> 
 Yeah 
 I put together a up rolltop desk from scratch
 You know a kit
 Yeah 
 Still had to cut it and everything 
 but it was fun
 Uh-huh
 Yeah 
 I've done the same You know like the trim around the house you know the baseboards and things like that 
 Uh-huh
 Yeah 
 I'm looking at trying to get a router right now
 I'll bet 
 Uh-huh
 Yeah 
 my brother's used it a lot for making drawers 
 I don't know 
 what's your opinion of what a good router is like 
 You know I 
 Because he was tell me like the ones that you dial in aren't all that great 
 They've plastic parts and stuff
 That you dial in on the side
 Uh-huh
 Uh-huh
 How strong is it
 Don't they 
 Uh-huh
 Uh-huh
 Uh-huh 
 they really get hot don't they
 Uh-huh
 Uh-huh
 Right
 Yeah 
 I've cut some one by eight oak before 
 Boy was that fun
 Big solid pieces of oak are just tough
 Well that was you know with a circular saw
 Like my gosh
 Is this going to be fun 
 Yeah
 Treated wood can really make you sick too
