 Think about taxes
 You spend what you have 
 and 
 Yeah 
 I think that the general idea is to you know spend during a time of recession you know for the deficit spending to help pick up the economy 
 but they're running under the assump- 
 you know the way they're running it now they're you know running it under a deficit spending you know while we're not under a recession 
 so there's never any surplus coming in to counter the deficit that we're running 
 so that's kind of a basic thing of economics I guess keep spending keep going into debt 
 you're not going to payoff what you owe 
 so I guess the question was more like do you you know get what you pay for 
 Yeah 
 There's 
 Uh-huh
 I agree with that
 I guess 
 I'm a student right now 
 and I don't make a whole lot of money 
 and so I kind of don't pay a proportionate amount of taxes I guess compared to what I get because you know all my education is state sponsored 
 I go to a state sponsored school 
 and my education all up through high school and stuff 
 so I guess I'm kind of in debt I suppose because I don't you know been paying taxes all that long 
 My parents I guess however have contributed to that you know for the education side of it and everything 
 but I usually end up getting money back 
 I will this year anyway from a 
 Yeah 
 I am 
 I need it too 
 otherwise 
 Uh-huh
 Uh-huh
 More taxes you pay 
 Uh-huh 
 Isn't 
 Uh-huh
 Uh-huh
 Wow
 Uh-huh
 Well isn't 
 Uh-huh 
 there's a yeah lot of hidden taxes
 Uh-huh
 The taxes that people don't think about that 
 yeah 
 the income tax is a lot more visible portion of the taxes you pay I guess
 Uh-huh 
 There was that 
 which can- 
 was it Jerry Brown 
 one of the democratic candidates had a proposal for doing away with all the tax codes they have now and implementing I think a flat percentage something like that
 Uh-huh
 Right
 Exactly 
 That's because until like eight 
 Up until like eighty-five or something was the 
