 All right
 Uh-huh
 I bet you're McDonald's fan
 Are you 
 Gosh where do you go Whataburger
 Oh is that right
 Yeah 
 that's that's good 
 I can understand that
 We got we got three kids too 
 and when the kids are small if you going to wait you don't go out
 They won't put up with that
 And you had And you had the kids with you
 And they waited forty-five minutes
 I don't doubt that one bit
 Where where do you like to go when you got a baby-sitter
 Where's that 
 Never heard of that place
 What's the name of that again
 What what are they what kind of 
 Yeah 
 okay
 Well there's a zillion of them 
 Have you ever been to Mercado Juarez
 That's a good place 
 I 
 They've got one in Addison too now 
 but the original was on Northwest Highway uh just the other west of Loop Twelve 
 That's a good Mexican place
 Good good prices good good food there
 If you like Mexican stuff It's it's a good place
 You you ever been to Vincent's
 That's a good seafood place
 Yeah
 You ever been tried a place called Louisiana Purchase
 Well this is in Plano 
 They might have another one 
 but it's on uh Parker and Central Expressway
 and it's it's Ca- 
 Yeah 
 it's Cajun type stuff
 If you like it kind of hot that that is good food 
 that's good stuff
 Yes
 Where's that place
 Yeah 
 okay
 Belt Line and what
 Okay
 Yeah 
 okay
 Uh-huh
 We got this Premier Dining Card thing 
 and we've we've been going to all sorts of weird type places with it
 Well you get uh one free 
 and you you you pay for one now and type thing 
 and uh We've been to from barbecue to 
 there's a Swan Club which is out Central and Campbell
 Uh that is if you like continental stuff that is really nice 
 Talk talk your husband into taking you there some night
 it's not a cheap place 
 but uh it's very nice
 Uh it's on Campbell It it's north of Campbell but uh off Central uh
 oh it used to be a Northern Telecom Building in the ba- in the ground floor 
 I don't know what they call it now 
 Northern Telecom kind of moved over in their own building
 But it it's a big tall it's the tallest building on the west side northwest side of Campbell and just before you get to Campbell
 and it's in the lower floor 
 but it's really a nice restaurant if you like Continental stuff 
 And tell him to take you there for your anniversary
 and then they got a place where you can dance you know and all that kind of stuff
 There you go 
 All right
 You got one coming
 Have you ever been to Ewaldes 
 now there's if you like Cont- 
 I I like Continental stuff myself
 My wife doesn't necessary like that stuff 
 but I like that
 And that's down in the the Stoneleigh Hotel now
 And that is really super kind of stuff too Take if you like Continental at all that kind of stuff
 either one of those two you go through a hundred bucks without half trying 
 but it it's it's nice really nice place
 Oh you don't have to spend that much 
 I'm kidding you
