 So how do you feel about capital punishment
 Right 
 you don't think 
 I uh I have the same dilemma I think Uh 
 it's you know it seems right sometimes 
 and then other times you don't know
 Uh
 Right 
 Right 
 Uh-huh 
 And also it doesn't seem like it does that many harm 
 sure their life is taken 
 but they'd spend the rest of their life in jail anyway 
 so I think sometimes they'd prefer just to get it over with 
 so it's more of the easy way out than making them pay [ for the con- for the you know what they've done ] 
 Yeah
 Uh-huh
 Right 
 but then again also you can't bring back lives that have been taken anyway 
 so uh it's 
 it doesn't 
 it seems by that by 
 I don't know 
 doesn't ever really p- uh 
 Yeah 
 Right 
 It doesn't bring back every 
 What state are you in
 Oh really
 In Dallas
 Oh really
 Uh right now I'm in Utah 
 but I'm from Plano Texas
 So uh uh what are the laws like in Texas
 Oh really
 Uh-huh
 Wow
 I haven't 
 no
 And they do it that way
 Huh
 Wow 
 I think they're there 
 I think that capital punishment is is uh in t- in Utah also 
 I'm not really familiar
 Yeah 
 I am 
 So but I think they d- 
 a long time ago I I remember my dad was telling me this I think that uh they do it by like a bunch of men have guns 
 and one of them has the real gun in it
 So they don't know who killed 
 Right
 Yeah 
 no
 I know
