 Oh no
 Oh gosh oh gosh
 Yes 
 we do
 Okay 
 let me think here
 Favorite 
 I haven't been watching much T V lately 
 I used to
 Yeah 
 I have uh I have one favorite soap opera 
 I still watch 
 and I tape because I'm not home 
 And uh let's see 
 that's GENERAL HOSPITAL 
 and then uh at night uh I don't uh when I sit down I don't usually sit down till almost nine o'clock when my kids get in bed 
 and and uh then I watch 
 uh what do I watch at nine o'clock 
 Let's see 
 oh well Tuesday nights I guess we try to catch a couple of the shows that the kids like
 And uh 
 I have a seven year old and a ten year old
 And uh so we usually catch uh FULL HOUSE 
 and uh what's the one comes on after that 
 It's a new one uh 
 Uh-huh
 Yeah 
 yeah 
 Uh other than that uh oh gosh I watch KNOTS LANDING on Thursday nights for pure entertainment nothing else
 Yeah
 Oh now that is a good one
 That is
 Yeah 
 if I'm home on Mondays then I I definitely watch her
 Yeah 
 yeah 
 well he's a good actor 
 He really is good
 Yeah 
 yeah 
 Oh God 
 Well he could very well be 
 So do you watch much T V 
 or 
 Uh-huh
 Now I never see that 
 Well I've got a friend that says that is just wonderful show
 Oh nice
 What now what night is that on now
 Wednesday at seven thirty 
 oh okay 
 Yeah 
 Wednesdays I I go to church choir 
 so That's my one night out and about 
 so 
 Yeah 
 I should get him to do that Because I know 
 Yeah 
 yeah 
 uh-huh
 Are there any new ones this year that came out that you like 
 or 
 Uh-huh 
 uh-huh 
 How's that 
 I haven't seen that
 Huh
 Huh
 I'll have to watch for that
 Uh-huh 
 uh-huh
 Uh-huh 
 Yeah 
 yeah
 Gosh Well we used to watch a lot of DESIGNING WOMEN 
 but uh I haven't seen that much lately Since they got rid of uh Delta Burke and uh brought on the new ones
 Oh she was just funny
 She was really funny 
 And her character was good 
 I don't know that it was her in particular but just the character 
 So uh 
 Yeah 
 yeah
 Oh that was awful 
 and who knows still what ha- really happened you know
 Yeah 
 yeah 
 so 
 Oh I know
 Now I told 
 no 
 we don't have that station either 
 so uh I haven't been able to catch any of that 
 but just what little we caught on the news 
 Oh I know it
 Well I don't see how he couldn't be you know
 Yeah 
 that's right
 Oh and they said this lawyer is unbelievable
 But they said she held up so well yesterday
 Yeah
 Oh God
 Oh shoot 
 well do you watch any uh any sports or anything like that 
 or 
 Because I don't either 
 I can't I can't watch it on T V 
 so 
 Uh-huh
 Yeah 
 I like to catch the gymnastics sometimes too
