 Yeah 
 Actually I uh I guess I am 
 Um it just seems kind of funny that this is a topic of discussion 
 Uh I do uh some uh woodworking myself 
 Uh in fact I'm in the middle of a project right now making a bed for my son
 [It's uh It's + uh it's ] uh plywood uh face I guess 
 But I cut it out in the shape of a crayon box 
 and then I painted uh about eight different uh colors uh you know 
 the crayons that are sticking up it will be the headboard
 and then 
 yes 
 He's about five and a half years old
 Oh yeah 
 Uh-huh 
 Now I just have to finish it though 
 I got uh it got delayed for a little bit and uh because of work 
 and now uh I've got to jump back in and finish the 
 because I've got it all cut out 
 it's all uh 
 I've done most of the coloring 
 but I've got to go a second layer with the yellow
 Uh yeah 
 Uh I did uh jigsaw uh and the uh regular straight saw for some of it
 So yeah 
 to do [the uh th- + the ] turn cut 
 Uh how about yourself
 Oh
 Oh okay
 That's great
 What what type of art do you focus on 
 Huh
 Yeah 
 Kind of jack of all trades master of none
 That's great
 Right 
 You want <> to uh e- explore a new field 
 or or 
 Huh So you have a M F A in in what division of art
 Oh okay
 Yeah
 Oh yeah
 Huh *[[slash error]] Yeah 
 *[[slash error]] Yeah
 Oh that's great
 Huh *[[slash error]] Yeah
 *[[slash error]] Exactly
 Oh yeah 
 And your time 
 then you're that much farther ahead 
 Right 
 I've seen them 
 and then the watermelon the red with the with the seeds painted in 
 and 
 That's neat
 Yes 
 We have one
 Huh
 Oh I'm I'm sure
 A band saw
 What
 Uh-huh
 Right
 A cradle for it
 Yeah 
 so you can steady it 
 and then you used a handsaw or a backsaw
 Right 
 right
 Yeah
 Right
 Now did you cut a quarter wedge in this
 Well I I'm envisioning uh uh a water- a watermelon like a log 
 and then uh what I've seen of this kind before is you have [the uh + the ] uh 
 it's uh 
 if you're looking at adding on you have 
