 One way or another we're now recording
 Um um oh yeah 
 Home repair 
 Right 
 I still am really 
 They're uh <> sort of remodeling a house out in downtown Atlanta in Candler Park
 And uh we've done lots to it 
 We've taken out the glass and most of the windows and the sashes and replaced them 
 And 
 Uh-huh
 How about you
 Uh-huh
 Uh-huh
 Uh-huh 
 Wow
 Wow 
 Uh-huh 
 Uh-huh
 Huh
 Uh-huh 
 Uh-huh
 Yeah
 Uh-huh 
 Uh-huh 
 Wow 
 Uh-huh
 Nice
 Nice 
 So uh I mean what was it for 
 You just 
 Uh-huh
 Uh-huh
 That's great 
 Wow 
 Huh
 Yeah 
 it does
 Huh 
 Right
 No 
 we just went into a building supply store and bought plate glass 
 My parents do not have a whole lot of money to put into it 
 And uh but it 
 see in a lot of the windows
 Uh the house is eighty years old 
 and it's had several owners and stuff 
 and uh they have put plastic Plexiglas kind of stuff in some of the windows
 Uh-huh
 Uh-huh
 Yeah 
 and so we wanted to get all new stuff in there
 So 
 Yeah 
 Ours didn't 
 And the ones that would open uh wouldn't want to stay open 
 They wanted to slam shut
 Uh-huh 
 Uh-huh 
 Yeah
