 Uh-huh
 Okay
 Uh well I sing
 I don't play an instrument
 Oh not right now
 Oh pretty much anything
 Oh yeah
 A long time out all through college and everything I was in the choirs
 And I've had some classical vocal training
 Uh-huh
 No 
 I was in Europe
 uh in Germany
 Oh yeah
 Uh-huh
 Soprano
 Oh well
 as far as opera goes I'm I think most fond of Verdi
 No 
 no
 I haven't done uh 
 I'd love to
 but um that's uh Puccini I think 
 right
 Uh-huh
 Yeah
 No Uh I think it would be nice if I played the piano
 Uh-huh
 Uh-huh
 Uh-huh
 Oh yeah
 Um oh I like to listen to all different kinds of music
 Uh-huh
 Yeah 
 There's you know some of the really totally country stuff I don't really particularly like 
 but 
 Well I have like we 
 I wish I could
 but I don't really know how to go about it without having a degree
 or 
 um 
 Uh-huh
 Uh-huh
 Yeah
 Uh-huh
 That's good
 Uh-huh 
 yeah
 Oh I'm in Flower Mound
 Uh-huh
 Yeah 
 that's pretty close
 Yeah
 Um I'm married
 I'm sorry
 Oh a little bit
 Yeah 
 I think so
 I think 
 Probably 
 Okay
 All right 
 thanks
 Bye-bye
