 which ones have you seen lately
 THELMA AND LOUISE
 Yeah 
 I haven't seen that 
 Is it good
 Is it
 Yeah 
 I'm not familiar 
 which Billy Crystal movie
 CITY SLICKERS
 That's a real good show
 Yeah 
 it's great 
 it says a lot about you know 
 I'm young 
 but it says a lot about middle life you know 
 and it's a really good show
 Yeah
 Yeah 
 yeah 
 I'm not too familiar with THELMA AND LOUISE 
 recently I've seen the FISHER KING 
 Have you seen that
 It's a really good show
 has Jeff Bridges and Robin Williams
 really really good
 Yeah
 Yeah
 Uh-huh
 well I like to be entertained once in a while 
 but I really enjoy watching a movie where they don't really try and attract you know the great audience but rather put out a real good movie
 it always 
 my favorite movie of all time has been THE MISSION 
 Did you ever see that
 it's a 
 I think it's put out by Landmark Productions the same people who put out CHARIOTS OF FIRE
 it's a 
 has Robert DeNiro in it 
 he plays one of the main characters 
 and it's about Jesuit community at the Inca Falls in South America Northern Argentina
 really really good show
 Yeah 
 it's something that you know 
 it's really stirring 
 The cinematography is just beautiful and really beautiful scenes and real good music
 Oh
 Yeah
 yeah
 Uh-huh
 Uh-huh
 Oh
 Uh-huh
 I'm much the same way 
 I have a fiance 
 and it gets very difficult to 
 Yeah 
 yeah
 really
 Uh-huh
 Uh-huh
 Yeah 
 they are 
 Sometimes you're in the mood for it even
 Uh-huh
 I found when I get with my old college buddy we usually rent good gladiator movie or two 
 I still enjoy watching those 
 You can't just watch them by yourself or else it's not bearable 
 But it's fun to 
 yeah
 Yeah 
 yeah 
 that's The ones where they dub in the English
 That's great 
 on foreign films did you watch 
 are you fluent in another language 
 or 
 you don't
 I don't either 
 I feel foolish sometimes because I don't speak another language fluently 
 but I do enjoy watching you know subtitles
