 Well I 
 couple of them 
 I at the moment use an A S T two eighty-six 
 and I got a leading edge 
 and I got a American one and had a I B M one 
 but 
 What do you have 
 yeah
 What did you do put it together
 Well that's 
 Yeah
 Yeah 
 What do you use it for
 What do you use it for
 yeah 
 What kind of programs do you 
 Okay 
 like business programs 
 or Man
 Uh-huh
 Huh
 Well that's 
 Well that sounds interesting
 Matter of fact I guess you get a lot of graphics in there I imagine 
 That's where the speed helps out
 Yep 
 that will slow you up 
 Well I do programming for C N C turret presses and cat cam system type things 
 and really need a faster system 
 I got a new line that I sell metal fabricating equipment and cat cam systems and tooling et cetera
 
 Who is that
 I've tried to do is get this outfit to give me one 
 That's how I got my other ones by selling their product for them 
 They not only give me a demonstrator but the hardware as well as the software
 And as they go to the next one I just keep the 
 that's why I have so many different levels of P Cs around at the moment
 A T S
 And where are they at
 yeah
 In Richardson there
 In Richardson
 I know where you mean 
 There is a Mobil and all that kind of s- on that one corner 
 that's about Lookout there I think isn't it
 Yeah
 Yeah
 Oh
 Really 
 Well that's a good deal
 Yeah
 there is a lot 
 you ever go by Lucky Computer there
 I used to 
 when I was putting shop floor computers together for guys I'd go and get their units and put them together and go and interface the stuff with our systems
 Haven't been doing much of that for the last year or so 
 So I don't know where those guys are at these days 
 But I 
 Yeah
 Yeah
 I tell you those prices have just unbelievably come down
 Yeah
 I 
 Yeah 
 I was kind of surprised how rapidly they bypassed the three eighty-six 
 That wasn't alive for but maybe two years
 Is that right 
 That's it
 I'll be darned
 well 
