 Yes
 Yes
 Yes 
 I am
 Well I'm happy we got through
 Well I'm especially interested with what's happening in the Soviet Union 
 the Ukraine's vote basically to secede and set itself up independently is quite a remarkable counts 
 is that reported in the Texas papers
 as an area it's not 
 I'm afraid I don't have the statistics in front of me
 it's not a tiny area 
 if I was looking at a U S map I would say it sort of reminds me of a 
 it's not as big as California proportionately
 but it's more significant in the sense of it's a great agricultural region
 Yeah
 They're completely out now
 Yes 
 the three Baltic republics got out as quickly as they could
 Right 
 it's very important for the economics of the Soviet Union
 Right 
 except they can't fight 
 It's done democratically 
 Yes
 Yes
 
 that's true hasn't happened here for a while 
 but it 
 Uh-huh
 No 
 I hear you have some problems
 do you blame the government in Washington for this
 Yeah
 Yeah
 Uh-huh
 So then you think it's Reagan and Bush have done this 
 or is it just coincidence it was during this period
 Uh-huh
 the Chinese use slave labor too
 that's one of the ways they get away with it
 Yeah
 I don't think there's any one simple answer to the whole thing 
 that's very complicated
 So which one are we going to throw out
 Uh-huh
 Texas used to be a democratic state didn't it
 I like your governor
 She's an impressive woman
 Yeah
 Right 
 Well yeah 
 anybody could beat Claytie in Texas
 I know some of the people
