 Well what were you saying
 okay
 well I haven't really been up to date on a lot of music 
 I've been in school 
 and I haven't really gone out and bought any or listened to much on the on the radio except for classical 
 and 
 Yes
 Uh-huh
 Okay
 Well I like most of them except for country <> music 
 No 
 I think I I might like dancing to it 
 but I don't like listening to it
 Whi- 
 Oh
 Uh-huh 
 Wh- what's the old country music like
 Uh-huh 
 okay 
 That's the kind you like you mean
 Oh 
 okay
 Well I guess I I like the blues a lot 
 and I guess you could say it's similar as far as the kind of ma- the way they do it 
 Yeah 
 Me too too 
 I guess I like 
 except heavy metal 
 and most rap I don't like 
 Yeah 
 okay
 Yeah
 Uh-huh
 Okay
 Okay 
 Yeah 
 Uh-huh
 I I really haven't listened to that 
 Well I used to a long time ago 
 but since I've started back into school now I haven't really done that much 
 I've been pretty busy 
 but 
 so no 
 I haven't 
 I you know I used to go out and dance a lot 
 but I don't do that anymore either 
 So 
 No 
 I've just been real busy with with lots of other things
 Twenty-eight
 Well no 
 I I went to school and got a degree 
 and then I worked for awhile 
 And then I just started I started back a year and a half ago 
 Changed directions
 Yeah 
 How old are you
 okay 
 All right 
 Yeah 
 And I didn't really start getting into music until I went to college because my parents didn't really have music in the house 
 Put it that way 
 Yes
 So I'm always behind 
 I'm I'm not I'm never really up to date on all that stuff 
 But I know what I like when it's when I like a sound A certain kind of sound 
 yeah 
 
 Uh-huh
 Okay
 Uh-huh
 Huh
 Yeah 
 yeah 
 really
 well 
 Yeah
 Yeah 
 Well I I do play the piano you know 
 But I I like the early seventies late sixties rock Kind of stuff the old stuff 
 And 
 
 Bri- 
 what kind of music is does what songs does he play 
 Uh-huh
 I think I've heard SUMMER OF SIXTY-NINE
 Yeah
 Okay 
 I'm not I'm not very good at remembering the titles 
 yeah 
 but I can remember this the song 
 Yeah
 Yeah 
 No 
 I don't watch T V much at all
 So 
 No
 No
 Yeah 
 So 
 Uh-huh 
 Do you like like someone recent Like Enya 
 Have you ever head of her 
 She's not rock 
 but she she's from Ireland
 And she's gotten some she's been on like the top ten I guess or whatever
 She she did 
