 yeah 
 I 
 yeah 
 I think so
 Yeah 
 there's been a lot of changes 
 I think there's still a lot to be made though
 Uh-huh
 Yeah 
 yeah 
 I work for T I
 Uh-huh
 Uh-huh
 
 I guess there's more women in what would be classified as a man's job 
 I am a drafter
 I am in a man's job 
 But we have got more women in it now
 There's a lot of us in it
 So 
 
 Uh-huh 
 we have some engineers that still on their 
 the drawings that they mark up for us they put draftsman
 And I want to scratch it out and put drafter 
 But I thought well I am not going to do that 
 Uh-huh
 Yeah
 Yeah
 Uh-huh
 Uh-huh
 Uh-huh
 Yeah
 yeah
 Uh-huh 
 uh-huh
 definitely 
 definitely
 Uh-huh
 Uh-huh
 Yeah
 Yeah 
 yeah
 Uh-huh
 Uh-huh
 Uh-huh
 Yeah
 yeah 
 Do you 
 Uh-huh
 Uh-huh
 Uh-huh
 Exactly
 No 
 huh-uh
 Do you
 wonderful
 Uh-huh
 Uh-huh 
 uh-huh
 Uh-huh
 yeah
 Yeah
 Uh-huh
 Uh-huh
 Uh-huh 
 uh-huh
 yeah
 No
 huh-uh
 Uh-huh
 Yeah 
 yeah
 Not for a long time anyway
 Uh-huh
 Uh-huh
 oh
 Uh-huh 
 uh-huh
 
 Yeah 
 yeah
 Uh-huh
 Uh-huh
 There's some men out there that are more feminine than most women 
 Yeah 
 yeah
 yeah
 I do too
 Uh-huh 
 uh-huh
 And you know if she wanted to go to combat I do not see that they should stop her 
 I personally would not want to go 
 but 
 yeah 
 yeah
 Uh-huh
 Uh-huh
 uh-huh
 Uh-huh
 Uh-huh 
 Good
 Yeah 
 Well same here
 Well I am not a home at home a lot
 I am at work right now
 I put my work number 
 but at home the recorder gets my calls
 Usually I am not there
 but I probably talked to seven or eight people
 Uh-huh
 I personally have not made any calls yet myself 
 I just it never crosses my mind
 But I enjoy receiving them
 Uh-huh 
 uh-huh
 Uh-huh 
 uh-huh
 Uh-huh
 Uh-huh
 Uh-huh
 Yeah
 That's wonderful
 Yeah 
 that's great
 Okay
 Well thanks for calling
 Uh-huh
 Bye-bye
