 Well wi- with an engineering degree it's of course it's a whole lot easier
 because 
 yeah 
 if if somebody ha- is totally unfamiliar with it human nature being what it is we don't like to change
 it just absolutely makes perfectly good sense to me because it's all decimal
 And it's so easy to convert from one set of units to another
 Right 
 That's right 
 Right 
 Right
 Uh-huh
 yeah
 That's right
 That's right 
 it's all their fault 
 Of course being part of the European community if everybody else did it they they were probably much more 
 is much more necessary for them than for us
 There's an expression for that 
 With eyes on the past backing confidently into the future
 Right 
 right
 Yeah 
 Well I I don't think it'll it could ever happen with with a quick transition
 No 
 I I think that would be the easiest way 
 but human nature being such as it is I would think it would take probably two or three years before people co- could completely cut the cord
 Did they switch
 Well that's true 
 It it has to be kind of a discreet transaction 
 Interesting
 yes 
 Yeah 
 Yeah
 I'm sure
 Exactly 
 exactly 
 Well we do have the two liter soda pop bottles
 Yeah 
 Right 
 Yes 
 That's true 
 Well sure have enjoyed our talk
 Okay 
 God bless y- 
 Bye-bye
