 Hello
 Well I hit one and nothing happened 
 What's going on
 Are you sure
 Don't they usually tell you to say something
 Oh
 Okay 
 we're supposed to talk about lawn and garden
 What do I do
 Well I I cut it occasionally
 Is is that good 
 Okay
 And I edge it occasionally
 Yeah 
 see am I good or what
 And much beyond that I don't do 
 Uh-huh
 he is going to build you a fence
 Uh-huh
 What for a fence
 well I thought isn't he the same one
 Yeah
 Well my 
 I don't know 
 Yeah
 Yeah 
 but you know you ought to get him to g- pull the weeds
 Oh
 Uh-huh
 Yeah
 Uh-huh
 Yeah
 Well so 
 Yeah 
 so you haven't you haven't pulled any weeds lately
 Yeah
 Uh-huh
 goody
 I thought you were going to say there I thought you were going to say there was a snake in the weeds 
 God 
 Yeah
 God
 But how are your your flowers your little things you planted 
 Did they die or what
 they're all 
 so they 
 are they going to come back in the spring
 Oh
 Uh-huh
 Yeah
 Oh
 Yeah
 I don't know 
 Those flowers remember those little ones you gave me
 Yeah 
 well they're I know they were still blooming up until about a a few weeks ago
 Yeah
 Yeah 
 they They're really pretty
 Uh-huh
 Yeah 
 Yeah 
 I mean isn't it supposed to be five minutes
 We didn't disconnect did we 
 Boy I hate to think I hate to think I'd be talking to you without getting paid 
 What
 Uh-huh
 You're kidding
 Really
 Well the 
 I g- I talked to someone woman from Oklahoma City and some woman from Dallas 
 and that was it
 Uh-huh
 Wow 
 Really
 really 
 Yeah
 Uh-huh
 I don't know 
 th- 
 Yeah
 Well there isn't really much to talk about as far as lawn and garden goes
 Not for me either 
 What do I 
 Yeah 
 but I don't you know 
 I what do I do cut it one you know and and edge it 
 and that's about it
 What do I do with it
 No
 What's going on 
 are they going to tell us to stop or what 
 Isn't it five minutes
 I I mean I'm all talked out about gardens
 it's just suggested
 What
 We could talk Let's talk about the baby
 
