 Okay 
 so your you I guess you're probably in the same same situation we're in 
 We're kind of past having to provide child care 
 Our our kids are grown up 
 We don't have any grandchildren yet 
 But they're 
 one's twenty-six 
 and the other is twenty twenty-one 
 So they're They're they're getting there 
 You know there's no no no prospects right away for anything to happen
 But 
 Uh-huh
 Oh
 Uh-huh
 okay 
 Uh-huh
 Uh-huh
 Yeah
 Uh-huh
 Uh-huh
 Yeah 
 It's hard 
 We 
 Uh-huh
 Uh-huh
 Yeah
 Uh-huh
 Huh
 Yeah 
 What did you do when your kids were growing up 
 Were you 
 Uh-huh
 Uh-huh
 Uh-huh
 He got sick 
 yeah 
 Right 
 Well 
 Guess so 
 yeah
 
 Right 
 Yeah 
 a little more flexibility 
 You can come and go 
 Yeah 
 When when our kids were small we had a couple of good good women who would often c- get them to come to the house
