 Okay Randall 
 do you have any special interest in space flight
 Uh-huh 
 Uh-huh
 Yeah
 Uh-huh
 Uh-huh
 What do you do now
 Oh
 Yeah 
 To bad 
 *[[spelling: too]] Uh-huh 
 uh-huh
 Uh-huh
 Well yo- I I'm kind of young 
 I'm only twenty-two 
 and so I'm not you know 
 there's a lot that's happened in my lifetime as far as you know with the space shuttle and all Although plans to go to other planets have somewhat been thwarted in comparison to the sixties
 although I have a 
 I I kind of wonder if some if it were possible to market some form of space technology you know to to make it equitable it might severely help the economy you know in the in the respect that you know there's endless amounts of research to be done Endless amounts of resources [ and + *[[more than one utt]] and ] whatnot 
 it would be great if we could find some way to to use that to boost the economy
 Uh-huh
 Exactly
 Uh-huh
 Uh-huh
 Right 
 Yeah 
 It seems like there's 
 so you're talking about positive side effects then
 Okay 
 I understand
 Sure 
 that makes a lot of sense
 Uh-huh
 Yeah
 Yeah 
 Right 
 exactly
 Uh-huh
 Uh-huh
 Right
 Uh-huh
 Exactly 
 Least not 
 Yeah
 Right
 Now we're done
 Yeah 
 I think you're right
 I would too 
 I'd I'd 
 was it John Denver that that tried to buy his way on to the space shuttle
