 Yeah
 Really
 Yeah
 I know it
 Yeah 
 I I've seen that just in the last even five years how much they've in- increased in use Or probably eight years 
 when I was a freshman in college my degree was in computer technology originally 
 and it seemed like it would 
 they were just getting out with the you know the disks and all that getting away with the cards you know doing away with the the programming cards
 and 
 I know 
 No
 I think T V has a lot to do with the changes too Don't you In like people's attitudes
 Yeah
 Oh
 Yeah 
 And now everybody has V C Rs and two or three V C Rs and that kind of thing
 Yeah 
 I know
 Yeah 
 and you can you can flip through the commercials 
 so you don't have to watch the commercials
 That's always h- convenient
 Uh-huh 
 So what was our question about decline in socio- 
 Yeah
 Well I can't really remember back that far 
 but ten years ago I don't know I'd say like in the nineteen seventies you remember how kids would walk around with A M what do you call those little A M radios
 and now people have jam box with C D players in them you know And hand held T Vs and car phones
 Yeah 
 Uh-huh
 Those are cool
 Yeah 
 Yeah
 Where do you think it's where do you think it's going to go in twenty years
 Yeah
 Uh-huh
 Wow 
 Uh-huh 
 Yeah 
 I'm curious what was your graduate study in
 wow
 Uh-huh 
 Yeah
 Yeah
 Uh-huh 
 You think that's caused a lot of pressure on like younger kids today to make choices that they probably shouldn't have to make
 Yeah 
 Uh-huh 
 Yeah
 Yeah 
 Yeah
 Uh-huh
 yeah 
 It's kind of scary when I think of what will happen in twenty years you know when I have kids and they're grown and <> just kind of some of the changes that will happen even more 
 so 
 Seems like it can't get much worse 
 Yeah
 Uh-huh
 
 Yeah 
 So sounds like America's going to become even more communication society with faxes and cellular phones and worldwide communication 
 and 
 Yeah
 Yeah
 It's pretty wild
 Uh-huh
 Yeah 
 Sure do 
 Yeah 
 Yeah
 Yeah <> 
 I know that's what what my family was talking when I picked up and moved to Texas from Indiana 
 and they were like well you know twen- thirty years ago we wouldn't have done that you know
 And especially come home every couple months
 You know and 
