 I'm trying to think offhand 
 I can't think of anything you know
 Okay
 Uh-huh
 Oh 
 Uh-huh
 Uh-huh
 I wouldn't either 
 no
 Uh-huh
 Uh-huh
 Yeah
 That doesn't always work
 really
 Oh 
 Uh-huh
 Uh-huh
 well how do you get your name off the junk mailing list
 Uh-huh
 really
 I didn't even know that
 wow
 Yeah
 Uh-huh
 Yeah
 I can't really think of anything that invades my privacy 
 but one of my pet peeves you came up with the telephone is when you have an answering machine and they hang up before they leave a message
 I can't stand that
 I think that is so stupid you know 
 because 
 Uh-huh
 Yeah
 Uh-huh
 really
 Uh-huh
 Uh-huh
 Uh-huh
 I don't like how they a- 
 the 
 I I realize that this is your identification 
 but I worked with someone that got hold of his charge cards and his social security number
 And you know I don't I don't like I don't g- ever get anything over the phone because I don't want to give my social security number out
 Uh-huh
 Yes
 Uh-huh
 I never even knew that
 Uh-huh
 Uh-huh 
 Well is there any like pet peeves that you have that don't necessarily invade your privacy
 okay
 I really can't think of any that would invade my privacy you know
 No 
 I you know othe- 
 I I really can't say anything that would really bother me
 Uh-huh
 Yeah
 Yeah
 Yeah 
 especially between women and 
 you know like AIDS and all that stuff You know with se- you know your sex you know 
 I- 
 i- 
 they've gotten a lot with 
 applications and stuff and aren't allowed to ask 
 No 
 because 
 I think it's for the better of like i- 
 you mean like for working and stuff
 No 
 I don't because I think whenever and something like that 
 they're looking out for everyone 
 They're not 
 you know I think it's more safety than anything else
 Yeah 
 Because I know 
 Yeah 
 Because I know 
 I worked at a still mill in this summer 
 And I know that I've covered for people that came in drunk you know on the late shift or something
 and it and it's dangerous 
 I don't even like having them around 
 I kind of do their work for them because they make it more hazardous than what it is without them you know
