 
 it's not one of the bigger ones It's probably I compare it to the size of Plano maybe a little smaller 
 Plano Texas
 really *[[slash error]] No 
 *[[nn]] Uh-huh
 I don't know 
 I think I'm pretty satisfied with 
 I grew up in Plano
 and my dad is actually on the school board there 
 so I kind of kept up with a lot of things that went on
 Yeah
 Oh
 Yeah
 Uh-huh
 Right
 Right
 So what do you think is good about the schools
 Yeah
 Uh-huh
 Grammar
 Yeah
 Uh-huh
 Uh-huh 
 So yeah 
 that's the thing is just to look at the school system in the area that you move into before you 
 Uh-huh
 But do you think that there should be nationwide curriculum
 Uh-huh
 Right
 
 Yeah
 Who do you think it should be done through *[[slash error]] *[[slash error]] Uh-huh
 *[[slash error]] Right
 Uh-huh
 Yes *[[slash error]] Yeah 
 *[[aa]] I believe that 
 I did
 Uh-huh 
 kinder- 
