 well you know I guess it's pretty deep feelings 
 I just went back and rented the movie what is it GOOD MORNING VIET NAM
 and 
 Got some insight there to kind of help me put together the feelings 
 I really appreciated the whole English class where the fellow just wouldn't do it you know 
 the guy's gouging your eyes out 
 what are you going to do
 You know what for him to finish me off 
 And it was good to remember that kind of Asian philosophy that 
 No 
 no 
 I was kind of an in-between finally drew a high draft number 
 and you
 Oh 
 Well personally you know I just went in limbo 
 I had a passport and was ready to go out of the country or join special forces either one
 I mean I just didn't know 
 So 
 yeah 
 just a second
 Okay 
 Sure 
 now Well Mark what was that again
 No 
 not really
 
 Downside well 
 the says we should go into the grief that's there 
 and you know presidents have always avoided that as a country 
 So it's pretty serious really you know
 lot of things that aren't being addressed 
 Yeah
 Gulf of Tonkin resolution 
 and was it a dolphin or a torpedo 
 You remember that
 Yeah 
 yeah 
 only it was foggy 
 and finally President Johnson said well they're weren't really sure whether it was a dolphin or a torpedo
 Isn't that something
 Uh-huh
 Hey Mark I've got to go 
 We'll see you 
 I guess our five minutes are up according to me
 Are they to you
 Yeah 
 okay 
 bye-bye
