 So the question had something to do with usage of personal computers 
 I'm a firm believer in having lots of them 
 I'm sitting at my desk now with four machines in front of me
 Uh-huh
 Uh-huh
 Good grief 
 What do you do with all those
 Uh-huh
 Uh-huh
 Right
 Uh-huh
 Uh-huh
 That's what you do on at least one of your machines
 on your Commodore
 Yeah
 Uh-huh
 Yes
 Yes 
 yes
 Well I do an awful lot of preparation of documents 
 and I use word processors and I mean you know graphics programs and simply make all of our slides 
 some of them I do on a Sun 
 some I do on an X T
 now maybe we don't call these personal computers 
 I started out with you know an I B M P C you know about a year after they came out
 and you know 
 I work for the government in Washington
 in an obscure part of the defense department
 Uh-huh
 Uh-huh
 Uh-huh
 are you also a professor 
 or do you just research
 Yes
 I can believe
 what are you going to do when you stop I mean take all your machines with you or 
 Uh-huh
 Uh-huh
 Yes
 Uh-huh
 Yes
 Yes
 Uh-huh
 Uh-huh
 Yeah
 Yeah
 Uh-huh
 Uh-huh
 
 Uh-huh
 Uh-huh
