 Uh-huh
 Uh-huh 
 Uh-huh
 Yeah
 tell me about it 
 Uh-huh
 Uh-huh
 Yeah 
 they add up quick 
 Uh-huh
 Uh-huh
 Yeah
 Yeah 
 we like to keep one on hand just for emergencies you know 
 But 
 Uh-huh
 Yeah
 We just quit using them 
 And they got us in trouble 
 we took a loan and paid them all off 
 we keep one gas card and Visa just you know in case there's an emergency or something 
 but other than that we don't use them anymore 
 Uh-huh
 Uh-huh
 Uh-huh
 I know 
 isn't that funny
 Yeah
 Yeah 
 and then some of them add late fees on it if they don't get paid 
 and 
 Uh-huh
 
 Huh
 Uh-huh 
 really
 yeah 
 Yeah
 Uh-huh
 *[[slash error]] Can you use that one for personal use
 *[[slash error]] you can
 Uh-huh
 I see 
 Uh-huh
 Uh-huh
 Yeah
 Yeah
 Uh-huh
 I do too 
 I don't even open them much 
 I throw them out
 Uh-huh
 A girlfriend of mine found a 
 it was a Visa or MasterCard 
 she found an ad for one in like a GOOD HOUSEKEEPING magazine for eleven percent
 shoot I need one of those 
 Uh-huh
 Uh-huh
 Uh-huh
 Why do they do that
 I mean they get enough you know on the interest 
 Uh-huh
 Uh-huh
 Uh-huh
 Uh-huh
 Uh-huh
 
 No 
 I can't either
 Yeah
 Yeah 
 really
 gets a lot of people in trouble 
 Okay
 Nice talking to you
 Bye-bye
