 Uh-huh
 Uh-huh
 Uh-huh 
 I agree with that
 You were
 Uh-huh
 Uh-huh
 Yeah
 Yeah 
 yeah 
 From what I understand they act up pretty bad 
 What grade is your daughter in
 Uh-huh 
 uh-huh
 Uh-huh 
 uh-huh
 Yeah
 no 
 uh-huh 
 They always had a paddle in our school
 I know
 Uh-huh
 Yeah 
 yeah
 Uh-huh 
 uh-huh
 Uh-huh
 Yeah 
 Wasn't that what part of the lottery is going to go for if we approve it
 Uh-huh
 Uh-huh
 Uh-huh
 No 
 Really
 
 Uh-huh
 Uh-huh 
 I do too 
 I think they're doing real good job
 But then what do I know 
 I don't have any kids 
 No 
 none at all 
 yeah 
 Okay
 Well it was good talking to you too
 We'll see you 
 bye-bye
