 And I have to admit that we just moved to Plano recently and that I hadn't voted in an election yet 
 and although I did go down and register and I 
 that's the first time I've ever done that 
 what's been your voting experience
 Well do you feel like 
 I mean I 
 Uh-huh
 Uh-huh
 Yes
 Uh-huh 
 That's really true 
 That's kind of the way I have felt 
 I also feel guilty not knowing and not going the extra mile myself and studying out the issues and studying out the candidates 
 Course we only have mostly the representation given in the media 
 but I have felt since I've been here that I haven't known what the issues were because it was a new community
 Uh-huh
 It does 
 Yes
 Uh-huh
 Uh-huh
 No
 Uh-huh
 No
 Right
 Uh-huh
 Yes 
 and I also feel especially in the presidential elections that since we're back on the old system of electoral votes and that your vote doesn't necessarily elect president
 Right 
 and it's kind of 
 it's awful 
 and it's hard to feel like one person 
 but I know that it's important 
 and I feel guilty that I haven't done that here haven't taken the time 
 and I know that you know people can make a difference 
 but it's hard to face the corruption like you say and to know what you're up against 
 And it makes me feel bad that 
 I'm glad 
 I mean I am thankful for the 
 nineteenth amendment is it that gives women the right to vote 
 and I'm glad that that happened and everything 
 and I hope that I will make a better difference 
 but I haven't done that so far
 Uh-huh
 Uh-huh
 Uh-huh
 Uh-huh
 Uh-huh
 Uh-huh
 Right
 Right
 Right
 Uh-huh
 Right
 Yeah 
 and it's not very likely 
 I mean it seems like th- 
