 Uh which ones have you seen lately
 THELMA AND LOUISE
 Yeah 
 I haven't seen that 
 Is it good
 Is it
 Yeah 
 I I'm not familiar 
 Which which Billy Crystal movie
 Oh CITY SLICKERS
 That's a real good show
 Yeah 
 it's great 
 Uh it says a lot about uh uh you know 
 I I'm young 
 but it says a lot about middle life you know 
 and uh uh it's a really good show
 Yeah
 Yeah 
 Uh yeah 
 I'm not too familiar with THELMA AND LOUISE 
 Uh uh uh recently I I've seen uh the FISHER KING 
 Have you seen that
 It's a really good show
 Uh has Jeff Bridges and and uh Robin Williams
 Uh really really good
 Yeah
 Yeah
 Uh-huh
 Uh well I like to be entertained once in a while 
 but I I really enjoy watching a movie that uh where they don't really try and attract the you know the great audience but rather put out a a real good movie
 Uh it always 
 my my favorite movie of all time has been uh uh THE MISSION 
 Did you ever see that
 Uh it's a a 
 I think it's put out by Landmark Productions the same people who put out CHARIOTS OF FIRE
 Uh it's a it's a 
 has Robert DeNiro in it 
 Uh he plays one of the main characters 
 and uh it's about uh Jesuit community in uh at the Inca Falls in in uh South America Northern Argentina
 Uh really really good show
 Yeah 
 it's it's something that you know 
 it's it's really stirring 
 The cinematography is just beautiful and really beautiful scenes and real good music
 Oh
 Yeah
 Oh yeah
 Uh-huh
 Uh-huh
 Oh
 Uh-huh
 I'm much the same way 
 I I I I have a fiance 
 and it it gets very difficult to uh uh 
 Yeah 
 yeah
 Oh really
 Uh-huh
 Uh-huh
 Yeah 
 they are 
 Sometimes you're in the mood for it even
 Uh-huh
 I found when when I get when I get with my uh old college buddy we we usually rent uh good gladiator movie or two 
 Uh I still enjoy watching those 
 You can't just watch them by yourself or else it's not bearable 
 But it's it's fun to 
 Oh yeah
 Yeah 
 yeah 
 that's that's The ones where they dub in dub in the English
 That's great 
 Uh uh on foreign films did uh did you did you watch 
 are you uh fluent in another language 
 or 
 Oh you don't
 I don't either 
 I I feel foolish sometimes because I I don't speak another language fluently 
 but I do enjoy watching you know subtitles
