 Okay 
 Jay where do you live in Texas
 In Dallas 
 What's that the I Thirty and Central express
 Okay 
 yeah 
 Right
 Yeah
 Oh is that right
 Oh how about that
 It's a new home
 About eight years 
 Oh
 Uh-huh
 Right 
 uh-huh
 Well we we live in a brick story and a half uh 
 Cape Cod style I guess you'd call it 
 And uh have a big sun room on the back of it
 No
 it doesn't have 
 With openness and light
 I understand that 
 I would love that too 
 Uh-huh 
 Yeah 
 this is very traditional 
 Oh uh-huh
 Uh-huh 
 Do you have children at home
 Three 
 Oh boy
 You still need space plenty of space 
 Uh-huh 
 Huh <>
 Uh-huh 
 Well 
 It's uh oh about twenty-five thousand twenty-five hundred square feet I guess 
 It's four bedrooms and two baths and that
 It has one wing built on that's a kitchen family room and then the big room on the back Uh
 Uh-huh
 Two and two 
 uh-huh
 Right 
 uh-huh
 I was just reading an article uh that there were nineteen thousand properties available in Texas uh for sale by the Reso- Resolution Trust Com- Corporation 
 Repossessed 
 I I guess so 
 Uh-huh
 That's discouraging if you own property 
 Few years 
 Uh-huh
 Right 
 Well our daughter and son-in-law moved up back up here He's from Texas but course she's from here uh about a year and a half ago and had their house on the market down there 
 and they never did sell it 
 So they stayed six months 
 and she got her job back and he got a job down there 
 Because 
 Huh-uh
 Nope
 They live in Rowlett
 Have you
 Uh-huh
 Uh-huh
 What college are you teaching at
 Oh
 Uh-huh
 The only one I know is Richardson 
 Garland 
 uh-huh
 Yeah
 Well I enjoyed talking to you 
 I hope so 
 Right
 Okay 
 thank you 
 same to you
 Bye-bye
