 Um what kind of hobbies do you have
 Really 
 I like cross-stitch too
 I just have a hard time finding any spare time lately
 Uh-huh
 Oh several years 
 My husband is even interested in it now 
 He likes to help me design um you know projects that are a little more customized
 Not that hard
 I really enjoy it
 Uh-huh
 Yeah
 Oh yeah
 Um I do mostly that um 
 not very artistic really for like painting and stuff
 But now I don't know
 Oh really 
 Yeah 
 I've got the kits to put them all in 
 I don't have them all yet certainly
 Oh yeah 
 I just I just keep an inventory of what I currently have 
 and then when I start a new project I go through and see if I if I you know 
 just buy the colors that I need of what I'm low on
 Uh-huh
 Yeah 
 A lot of times you can do that 
 I think I 
 the pinks there's like forty-two different shades of pink
 Pinks and greens 
 Yeah
 Yeah
 Well not lately 
 I just started a new job and trying to get acclimated there
 Yeah 
 How old
 Oh yeah
 Oh yeah
 Yeah
 Yeah 
 Well last year he was a little bit young for having one
 He wouldn't have enjoyed it anyway 
 You would have 
 but 
 Oh yeah
 Yeah 
 that's that's kind of strange that we got the same call
 It's a call
 No 
 that's okay
 Oh wow 
 No 
 I just started about well five years ago I think
 Uh-huh 
 There's also a couple of large projects baby afghans 
 and I got one done 
 and I think the other one is going The child is going to be in high school before I get finished
 Bear thing 
 Well yeah 
 I just I bought the cloth and the pattern for it 
 I didn't um I didn't buy the uh I didn't buy a kit
 Uh-huh 
 It's that cloth
 It's an- cloth I think
 And it has the borders and everything already
 Number one turned out just great 
 and the lady said she couldn't believe that they know that I had done it in the colors that they had decorated the nursery 
 and I didn't even know it
 I gave it to her 
 and she said how did you know those are the colors we used 
 I said <> didn't 
 It worked out that way
 Uh-huh
 Yeah 
 Lilly Lilly she said she said it's for your daughter to use 
 Oh no 
 She said I know she doesn't get to touch it 
 She hung it on the wall
 Yeah 
 Yeah
 True
 Okay
 You too
 Uh-huh 
 bye bye 
