 All right 
 Well uh quite a few 
 and they're varied 
 They don't uh uh encompass uh many handcrafts like knitting and that kind of thing
 But I do uh quite a bit of wreath making 
 and my dogs are my hobbies 
 I do a lot of gardening 
 I go to estate sales which takes up a lot of time
 Now what do you mostly do 
 Oh
 boy 
 That should be fun
 Yeah 
 How old are they
 Well I think that's better than having that party at home 
 Yeah 
 And the the the skating rink does the rest practically I guess
 Boy what a help that is
 What kind of 
 Well not that long
 Uh just since October 
 We moved here from Enid Oklahoma
 So uh we are we're originally from Virginia this part of the country
 But we did spend twenty years in Norman and Enid and loved it
 But we needed to get back uh to our older parents
 But I am loving it 
 The weather is divine
 Yes
 Oh yes 
 Very much 
 Yeah
 Well my husband was with uh <> University of Oklahoma and Phillips University in Enid
 And then he went with uh <> a family corporation that had uh has oil and ranching and varied enterprises
 And uh he just quit a perfectly good job and came we came East 
 Yes
 Yes 
 Uh-huh 
 He's doing uh quite a bit of consulting work and has been offered a permanent position 
 and he's contemplating 
 He he's liking this free time actually 
 It's just wonderful after all these years of working
 Um a gal who works uh with T I on this project 
 I think she's a temporary worker 
 Uh mother is my best friend in Virginia 
 So we have spread the word a little bit in this part of the country
 Really 
 Uh what is her name
 Yeah 
 Well I haven't talked to her 
 I haven't I haven't talked to a Tina yet 
 Yeah 
 Yeah
 Yeah 
 Yeah
 Well you haven't told me uh what sports that you are active in
 Yes 
 Well I think that's uh easy entertainment for a family too
 Under the stands 
 Under the bleachers
 *[[ slash error]] Uh-huh
 *[[slash error should be 'b']] Yes 
 Well it's getting a little hot isn't it 
 It 
 Yeah 
 It sure does 
 Or maybe this evening anyway
 Very much so
 Yeah 
 No
 No 
 it doesn't
 Enid is uh 
 it's in the northwest 
 It's uh directly across the straight uh state from Tulsa 
 Uh 
 Sure you have
 Yes 
 Well Enid is not uh an unknown little city 
 It uh 
 an awful lot of people know where it is or have been there 
 And it was uh a very uh self-sufficient uh wealthy uh town for a long time anyway You know until uh everything happened 
 the bottom fell out 
 But 
 it's beginning to do well 
 But there's a lot of uh old time wealth there that has helped to stabilize things
 Si- 
 Yes 
 Something like that
 Oh 
 Well it's it's <> pretty 
 The weather is wonderful 
 Uh this winter we 
 it was just 
 we had so many wonderful days 
 And 
 uh I 
 if it got to be forty degrees I decided it was too cold to to walk the dogs 
 Isn't it funny how how your standards change 
 Yes 
 Sure
 Well
 Carolina this part is very much like that too Very *[[two utts]] foggy and misty 
 The moss grows on the trees in the woods up eight ten feet
 Yeah 
 I think however that's like February 
 Uh I know it did it all February 
 And some people said to me "Well that's our wintertime"
 Well I know you need to go 
 And I've enjoyed talking to you
 Thanks so much 
 Have a 
 Oh thank you 
 And I hope you enjoy and get through that birthday party
 Yeah 
 I do too 
 Bye-bye
