 Okay 
 Uh read any good books lately 
 Oh okay 
 Uh-huh
 Uh well I'm in graduate school 
 and so I read a lot of books 
 but I don't know if I consider very many of them good 
 Uh I haven't read a book for enjoyment since I guess around Christmas 
 Uh I re- received uh uh several books for Christmas 
 and at Christmas break I read uh SARUM by uh uh a fellow named Rutherford
 Uh it's the history of uh 
 well it's sort of the his- the historical fiction about uh the Salisbury area in in England
 And so I I really enjoyed that book a lot 
 Uh he's not quite as good as you know Michener or some of uh some of the other historical writers 
 But he he did this job well 
 so 
 Yeah 
 Uh do you find th- do you find you have much chance to read for for just pleasure or mostly for business
 Uh-huh
 I don't think I have seen it
 Uh-huh
 Uh-huh 
 Oh 
 Okay 
 I think I have heard about that 
 Yeah 
 Uh-huh
 Uh-huh
 Uh-huh 
 Yeah 
 that sounds great 
 Did did it have something to mention about uh sort of uh cultural rituals of of manhood
 Okay 
 Yeah 
 I have heard of that 
 I have uh someone suggested that I read it 
 Is it IRON JOHN
 Okay 
 Good
 B L Y
 Okay 
 Great
 Uh-huh 
 Uh what are your favorite uh 
 do you have a favorite subject to read whether it be science fiction or or history 
 or 
 Uh-huh
 Uh-huh
 Okay
 Uh-huh
 Okay
 Uh-huh 
 That sounds great 
 Uh who is your whose your favorite religious author
 Uh-huh
 Uh-huh
 Max Lucado 
 Yeah
 Yeah 
 Uh he's a great man 
 I've met him several times Uh
 Huh
 Uh Uh-huh
