 Do you have kids
 Uh we have two and another one on the way
 Well yeah 
 uh we do 
 we have uh a six year old 
 He is oldest 
 and then uh our baby will be a year on Monday
 Yeah
 Two boys
 Two boys 
 Yeah
 No 
 I am just about three months 
 and uh I don't think we really even want to find out
 We like surprises 
 So We will take either
 And uh does it 
 are the two boys first
 Oh
 Maybe huh
 We we kind of like our boys though too 
 so 
 Oh my goodness
 Oh yeah 
 You kind of got uh a span there huh
 Oh well what do you do with your seventh grader
 Do you have horses
 She just she knows people that does huh
 Oh does she 
 Oh 
 She must really like them
 Advanced
 Yeah 
 Yeah 
 I have heard about it 
 Our little boy is in the first grade 
 and I I taught school for six years
 So I do know about that program 
 and 
 Oh uh-huh
 Oh yeah 
 I bet 
 Huh well so does she go actually out into a different classroom with with uh other kids that are involved in this
 Yeah
 Oh Uh-huh
 Oh how neat
 Challenging huh
 Oh
 Well uh as far as our activities we are kind of on a different level here
 But my 
 Yeah 
 yeah 
 My husband is going to take our six year old to the monster truck show tonight
 They like to uh 
 both boy things 
 Yeah 
 but we we do not have any real uh 
 like we don't really ski 
 We have not taken our kids skiing or anything 
 Of course the baby is young 
 but 
 Yeah 
 Yeah
 The what
 Oh well yeah 
 we we have done that 
 He in fact he just goes right out here 
 We have got quite a bit of snow uh 
 last week we got a lot
 Yeah 
 You would like that huh
 Oh
 Yeah
 It is fun
 Yeah 
 I 
 no 
 I do not like that
 I 
 really it makes me nervous 
 Yeah <>
 Yeah 
 yeah 
 Well uh I don't mind it 
 but uh uh the winter gets long
 You know I get ready that 
 come about this time of year I am kind of ready for it to start getting spring 
 and it is too early yet
 Yeah 
 we do we do 
 We have had a few early springs though in the last few years 
 They have not been too bad 
 Come about March it gets you know a lot nicer
