 Thomas 
 Uh-huh
 Doesn't Wisconsin have a uh state uh Medicare program or health program 
 Right 
 Well I I think the one of the biggest problems that uh we see in government today is a reflection of society in and of itself
 And that is uh uh we become so debt ridden and credit oriented instead of uh cash and carry or debt free
 and therefore uh that puts a lot of undue pressure on municipalities state and federal governments
 Right
 Well what is 
 see the thing is is when a lot of things become acceptable practice uh it's hard to discern the bor- what has become muddy as to what is ethical and what is not ethical 
 And then someone blows the whistle and says oh this is not ethical and yes I did it too
 Yeah 
 we just had 
 Uh 
 Right 
 The mayor of Dallas is uh Bartlett Steve Bartlett 
 He also uh was a congressman Uh to the uh to Congress
 And he had been in that position for years
 And uh he was elected mayor of Dallas overwhelmingly
 However if the vote was taken today the whole thing might change because he was part of that uh check kiting scam 
